2019-10-13T03:25:31.398-0700 [INFO] com.mchange.v2.log.MLog: MLog clients using java 1.4+ standard logging. 
2019-10-13T03:25:31.681-0700 [FINEST] com.mchange.sc.v1.sbtethereum.signer.SignersManager: Initializing SignersManager [com.mchange.sc.v1.sbtethereum.signer.SignersManager@1220969] 
2019-10-13T03:25:33.289-0700 [INFO] com.mchange.v2.c3p0.C3P0Registry: Initializing c3p0-0.9.5.4 [built 23-March-2019 23:00:48 -0700; debug? true; trace: 10] 
2019-10-13T03:25:33.379-0700 [INFO] com.mchange.v2.c3p0.impl.AbstractPoolBackedDataSource: Initializing c3p0 pool... com.mchange.v2.c3p0.ComboPooledDataSource [ acquireIncrement -> 3, acquireRetryAttempts -> 30, acquireRetryDelay -> 1000, autoCommitOnClose -> false, automaticTestTable -> null, breakAfterAcquireFailure -> false, checkoutTimeout -> 0, connectionCustomizerClassName -> null, connectionTesterClassName -> com.mchange.v2.c3p0.impl.DefaultConnectionTester, contextClassLoaderSource -> caller, dataSourceName -> 1hge98ja51ikat7g1cmrtcm|4b658f, debugUnreturnedConnectionStackTraces -> false, description -> null, driverClass -> org.h2.Driver, extensions -> {}, factoryClassLocation -> null, forceIgnoreUnresolvedTransactions -> false, forceSynchronousCheckins -> false, forceUseNamedDriverClass -> false, identityToken -> 1hge98ja51ikat7g1cmrtcm|4b658f, idleConnectionTestPeriod -> 0, initialPoolSize -> 3, jdbcUrl -> jdbc:h2:/Users/swaldman/Library/Application Support/sbt-ethereum/database/h2/sbt-ethereum;AUTO_SERVER=TRUE, maxAdministrativeTaskTime -> 0, maxConnectionAge -> 0, maxIdleTime -> 0, maxIdleTimeExcessConnections -> 0, maxPoolSize -> 15, maxStatements -> 0, maxStatementsPerConnection -> 0, minPoolSize -> 3, numHelperThreads -> 3, preferredTestQuery -> null, privilegeSpawnedThreads -> false, properties -> {}, propertyCycle -> 0, statementCacheNumDeferredCloseThreads -> 0, testConnectionOnCheckin -> false, testConnectionOnCheckout -> true, unreturnedConnectionTimeout -> 0, userOverrides -> {}, usesTraditionalReflectiveProxies -> false ] 
2019-10-13T03:25:34.054-0700 [FINEST] com.mchange.sc.v1.consuela.ethereum.jsonrpc.Client: methodName = eth_compileSolidity; params = List("pragma solidity >=0.4.7;\ncontract Test {}") 
2019-10-13T03:25:34.616-0700 [INFO] sbtkey.xethFindCacheSessionSolidityCompilerKeys: [info] Updating available solidity compiler set. 
2019-10-13T03:25:34.710-0700 [INFO] sbtkey.xethOnLoadBanner: [info] sbt-ethereum-0.3.1-SNAPSHOT successfully initialized (built Sun, 13 Oct 2019 01:12:09 -0700) 
2019-10-13T03:25:38.958-0700 [WARNING] sbtkey.xethInvokerContext: [warn] Using hard-coded, backstop node URL 'https://ethjsonrpc.mchange.com/', which may not be reliable. 
2019-10-13T03:25:38.959-0700 [WARNING] sbtkey.xethInvokerContext: [warn] Please use 'ethNodeUrlDefaultSet` to define a node URL (for chain with ID 1) to which you have reliable access. 
2019-10-13T03:25:39.027-0700 [FINEST] com.mchange.sc.v1.consuela.ethereum.jsonrpc.Client: methodName = eth_gasPrice; params = List() 
2019-10-13T03:25:39.032-0700 [FINEST] com.mchange.sc.v1.consuela.ethereum.jsonrpc.Client: methodName = eth_estimateGas; params = List({"from":"0x465e79b940bc2157e4259ff6b2d92f454497f1e4","to":"0x2a03eb37c0077dba0814a004bc53f2567b7587a0","value":"0x0","data":"0xa93d6b2b"}) 
2019-10-13T03:25:39.394-0700 [FINEST] com.mchange.sc.v1.consuela.ethereum.jsonrpc.Client: methodName = eth_call; params = List({"from":"0x465e79b940bc2157e4259ff6b2d92f454497f1e4","to":"0x2a03eb37c0077dba0814a004bc53f2567b7587a0","gas":"0x65c8","gasPrice":"0x3b9aca00","value":"0x0","data":"0xa93d6b2b"}, "latest") 
2019-10-13T03:25:39.489-0700 [FINEST] com.mchange.sc.v1.consuela.ethereum.jsonrpc.Client: methodName = eth_gasPrice; params = List() 
2019-10-13T03:25:39.490-0700 [FINEST] com.mchange.sc.v1.consuela.ethereum.jsonrpc.Client: methodName = eth_estimateGas; params = List({"from":"0x465e79b940bc2157e4259ff6b2d92f454497f1e4","to":"0x2a03eb37c0077dba0814a004bc53f2567b7587a0","value":"0x0","data":"0x6a083c2c0000000000000000000000000000000000000000000000000000000000000000"}) 
2019-10-13T03:25:39.622-0700 [FINEST] com.mchange.sc.v1.consuela.ethereum.jsonrpc.Client: methodName = eth_call; params = List({"from":"0x465e79b940bc2157e4259ff6b2d92f454497f1e4","to":"0x2a03eb37c0077dba0814a004bc53f2567b7587a0","gas":"0x7042","gasPrice":"0x3b9aca00","value":"0x0","data":"0x6a083c2c0000000000000000000000000000000000000000000000000000000000000000"}, "latest") 
2019-10-13T03:25:39.709-0700 [FINEST] com.mchange.sc.v1.consuela.ethereum.jsonrpc.Client: methodName = eth_gasPrice; params = List() 
2019-10-13T03:25:39.710-0700 [FINEST] com.mchange.sc.v1.consuela.ethereum.jsonrpc.Client: methodName = eth_estimateGas; params = List({"from":"0x465e79b940bc2157e4259ff6b2d92f454497f1e4","to":"0x2a03eb37c0077dba0814a004bc53f2567b7587a0","value":"0x0","data":"0x6a083c2c0000000000000000000000000000000000000000000000000000000000000001"}) 
2019-10-13T03:25:39.913-0700 [FINEST] com.mchange.sc.v1.consuela.ethereum.jsonrpc.Client: methodName = eth_call; params = List({"from":"0x465e79b940bc2157e4259ff6b2d92f454497f1e4","to":"0x2a03eb37c0077dba0814a004bc53f2567b7587a0","gas":"0x708f","gasPrice":"0x3b9aca00","value":"0x0","data":"0x6a083c2c0000000000000000000000000000000000000000000000000000000000000001"}, "latest") 
2019-10-13T03:29:44.189-0700 [INFO] com.mchange.v2.log.MLog: MLog clients using java 1.4+ standard logging. 
2019-10-13T03:29:44.491-0700 [FINEST] com.mchange.sc.v1.sbtethereum.signer.SignersManager: Initializing SignersManager [com.mchange.sc.v1.sbtethereum.signer.SignersManager@3e574f9c] 
2019-10-13T03:29:46.093-0700 [INFO] com.mchange.v2.c3p0.C3P0Registry: Initializing c3p0-0.9.5.4 [built 23-March-2019 23:00:48 -0700; debug? true; trace: 10] 
2019-10-13T03:29:46.182-0700 [INFO] com.mchange.v2.c3p0.impl.AbstractPoolBackedDataSource: Initializing c3p0 pool... com.mchange.v2.c3p0.ComboPooledDataSource [ acquireIncrement -> 3, acquireRetryAttempts -> 30, acquireRetryDelay -> 1000, autoCommitOnClose -> false, automaticTestTable -> null, breakAfterAcquireFailure -> false, checkoutTimeout -> 0, connectionCustomizerClassName -> null, connectionTesterClassName -> com.mchange.v2.c3p0.impl.DefaultConnectionTester, contextClassLoaderSource -> caller, dataSourceName -> 1hge98ja51ikg89w150iv4o|3fa06813, debugUnreturnedConnectionStackTraces -> false, description -> null, driverClass -> org.h2.Driver, extensions -> {}, factoryClassLocation -> null, forceIgnoreUnresolvedTransactions -> false, forceSynchronousCheckins -> false, forceUseNamedDriverClass -> false, identityToken -> 1hge98ja51ikg89w150iv4o|3fa06813, idleConnectionTestPeriod -> 0, initialPoolSize -> 3, jdbcUrl -> jdbc:h2:/Users/swaldman/Library/Application Support/sbt-ethereum/database/h2/sbt-ethereum;AUTO_SERVER=TRUE, maxAdministrativeTaskTime -> 0, maxConnectionAge -> 0, maxIdleTime -> 0, maxIdleTimeExcessConnections -> 0, maxPoolSize -> 15, maxStatements -> 0, maxStatementsPerConnection -> 0, minPoolSize -> 3, numHelperThreads -> 3, preferredTestQuery -> null, privilegeSpawnedThreads -> false, properties -> {}, propertyCycle -> 0, statementCacheNumDeferredCloseThreads -> 0, testConnectionOnCheckin -> false, testConnectionOnCheckout -> true, unreturnedConnectionTimeout -> 0, userOverrides -> {}, usesTraditionalReflectiveProxies -> false ] 
2019-10-13T03:29:46.829-0700 [FINEST] com.mchange.sc.v1.consuela.ethereum.jsonrpc.Client: methodName = eth_compileSolidity; params = List("pragma solidity >=0.4.7;\ncontract Test {}") 
2019-10-13T03:29:47.376-0700 [INFO] sbtkey.xethFindCacheSessionSolidityCompilerKeys: [info] Updating available solidity compiler set. 
2019-10-13T03:29:47.466-0700 [INFO] sbtkey.xethOnLoadBanner: [info] sbt-ethereum-0.3.1-SNAPSHOT successfully initialized (built Sun, 13 Oct 2019 01:12:09 -0700) 
2019-10-13T03:30:12.514-0700 [WARNING] sbtkey.xethInvokerContext: [warn] Using hard-coded, backstop node URL 'https://ethjsonrpc.mchange.com/', which may not be reliable. 
2019-10-13T03:30:12.514-0700 [WARNING] sbtkey.xethInvokerContext: [warn] Please use 'ethNodeUrlDefaultSet` to define a node URL (for chain with ID 1) to which you have reliable access. 
2019-10-13T03:30:12.591-0700 [FINEST] com.mchange.sc.v1.consuela.ethereum.jsonrpc.Client: methodName = eth_gasPrice; params = List() 
2019-10-13T03:30:12.598-0700 [FINEST] com.mchange.sc.v1.consuela.ethereum.jsonrpc.Client: methodName = eth_estimateGas; params = List({"from":"0x465e79b940bc2157e4259ff6b2d92f454497f1e4","to":"0x2a03eb37c0077dba0814a004bc53f2567b7587a0","value":"0x0","data":"0xa93d6b2b"}) 
2019-10-13T03:30:12.959-0700 [FINEST] com.mchange.sc.v1.consuela.ethereum.jsonrpc.Client: methodName = eth_call; params = List({"from":"0x465e79b940bc2157e4259ff6b2d92f454497f1e4","to":"0x2a03eb37c0077dba0814a004bc53f2567b7587a0","gas":"0x65c8","gasPrice":"0x3b9aca00","value":"0x0","data":"0xa93d6b2b"}, "latest") 
2019-10-13T03:30:13.074-0700 [FINEST] com.mchange.sc.v1.consuela.ethereum.jsonrpc.Client: methodName = eth_gasPrice; params = List() 
2019-10-13T03:30:13.076-0700 [FINEST] com.mchange.sc.v1.consuela.ethereum.jsonrpc.Client: methodName = eth_estimateGas; params = List({"from":"0x465e79b940bc2157e4259ff6b2d92f454497f1e4","to":"0x2a03eb37c0077dba0814a004bc53f2567b7587a0","value":"0x0","data":"0x6a083c2c0000000000000000000000000000000000000000000000000000000000000000"}) 
2019-10-13T03:30:13.200-0700 [FINEST] com.mchange.sc.v1.consuela.ethereum.jsonrpc.Client: methodName = eth_call; params = List({"from":"0x465e79b940bc2157e4259ff6b2d92f454497f1e4","to":"0x2a03eb37c0077dba0814a004bc53f2567b7587a0","gas":"0x7042","gasPrice":"0x3b9aca00","value":"0x0","data":"0x6a083c2c0000000000000000000000000000000000000000000000000000000000000000"}, "latest") 
2019-10-13T03:30:13.286-0700 [FINEST] com.mchange.sc.v1.consuela.ethereum.jsonrpc.Client: methodName = eth_gasPrice; params = List() 
2019-10-13T03:30:13.287-0700 [FINEST] com.mchange.sc.v1.consuela.ethereum.jsonrpc.Client: methodName = eth_estimateGas; params = List({"from":"0x465e79b940bc2157e4259ff6b2d92f454497f1e4","to":"0x2a03eb37c0077dba0814a004bc53f2567b7587a0","value":"0x0","data":"0x6a083c2c0000000000000000000000000000000000000000000000000000000000000001"}) 
2019-10-13T03:30:13.405-0700 [FINEST] com.mchange.sc.v1.consuela.ethereum.jsonrpc.Client: methodName = eth_call; params = List({"from":"0x465e79b940bc2157e4259ff6b2d92f454497f1e4","to":"0x2a03eb37c0077dba0814a004bc53f2567b7587a0","gas":"0x708f","gasPrice":"0x3b9aca00","value":"0x0","data":"0x6a083c2c0000000000000000000000000000000000000000000000000000000000000001"}, "latest") 
2019-10-13T03:34:03.866-0700 [INFO] com.mchange.v2.log.MLog: MLog clients using java 1.4+ standard logging. 
2019-10-13T03:34:04.213-0700 [FINEST] com.mchange.sc.v1.sbtethereum.signer.SignersManager: Initializing SignersManager [com.mchange.sc.v1.sbtethereum.signer.SignersManager@22942eff] 
2019-10-13T03:34:05.791-0700 [INFO] com.mchange.v2.c3p0.C3P0Registry: Initializing c3p0-0.9.5.4 [built 23-March-2019 23:00:48 -0700; debug? true; trace: 10] 
2019-10-13T03:34:05.882-0700 [INFO] com.mchange.v2.c3p0.impl.AbstractPoolBackedDataSource: Initializing c3p0 pool... com.mchange.v2.c3p0.ComboPooledDataSource [ acquireIncrement -> 3, acquireRetryAttempts -> 30, acquireRetryDelay -> 1000, autoCommitOnClose -> false, automaticTestTable -> null, breakAfterAcquireFailure -> false, checkoutTimeout -> 0, connectionCustomizerClassName -> null, connectionTesterClassName -> com.mchange.v2.c3p0.impl.DefaultConnectionTester, contextClassLoaderSource -> caller, dataSourceName -> 1hge98ja51iklsnr1azpq0h|640d46c9, debugUnreturnedConnectionStackTraces -> false, description -> null, driverClass -> org.h2.Driver, extensions -> {}, factoryClassLocation -> null, forceIgnoreUnresolvedTransactions -> false, forceSynchronousCheckins -> false, forceUseNamedDriverClass -> false, identityToken -> 1hge98ja51iklsnr1azpq0h|640d46c9, idleConnectionTestPeriod -> 0, initialPoolSize -> 3, jdbcUrl -> jdbc:h2:/Users/swaldman/Library/Application Support/sbt-ethereum/database/h2/sbt-ethereum;AUTO_SERVER=TRUE, maxAdministrativeTaskTime -> 0, maxConnectionAge -> 0, maxIdleTime -> 0, maxIdleTimeExcessConnections -> 0, maxPoolSize -> 15, maxStatements -> 0, maxStatementsPerConnection -> 0, minPoolSize -> 3, numHelperThreads -> 3, preferredTestQuery -> null, privilegeSpawnedThreads -> false, properties -> {}, propertyCycle -> 0, statementCacheNumDeferredCloseThreads -> 0, testConnectionOnCheckin -> false, testConnectionOnCheckout -> true, unreturnedConnectionTimeout -> 0, userOverrides -> {}, usesTraditionalReflectiveProxies -> false ] 
2019-10-13T03:34:07.180-0700 [FINEST] com.mchange.sc.v1.consuela.ethereum.jsonrpc.Client: methodName = eth_compileSolidity; params = List("pragma solidity >=0.4.7;\ncontract Test {}") 
2019-10-13T03:34:09.559-0700 [INFO] sbtkey.xethFindCacheSessionSolidityCompilerKeys: [info] Updating available solidity compiler set. 
2019-10-13T03:34:09.637-0700 [INFO] sbtkey.xethOnLoadBanner: [info] sbt-ethereum-0.3.1-SNAPSHOT successfully initialized (built Sun, 13 Oct 2019 01:12:09 -0700) 
2019-10-13T03:38:56.845-0700 [INFO] com.mchange.v2.log.MLog: MLog clients using java 1.4+ standard logging. 
2019-10-13T03:38:57.109-0700 [FINEST] com.mchange.sc.v1.sbtethereum.signer.SignersManager: Initializing SignersManager [com.mchange.sc.v1.sbtethereum.signer.SignersManager@3e574f9c] 
2019-10-13T03:38:58.775-0700 [INFO] com.mchange.v2.c3p0.C3P0Registry: Initializing c3p0-0.9.5.4 [built 23-March-2019 23:00:48 -0700; debug? true; trace: 10] 
2019-10-13T03:38:58.862-0700 [INFO] com.mchange.v2.c3p0.impl.AbstractPoolBackedDataSource: Initializing c3p0 pool... com.mchange.v2.c3p0.ComboPooledDataSource [ acquireIncrement -> 3, acquireRetryAttempts -> 30, acquireRetryDelay -> 1000, autoCommitOnClose -> false, automaticTestTable -> null, breakAfterAcquireFailure -> false, checkoutTimeout -> 0, connectionCustomizerClassName -> null, connectionTesterClassName -> com.mchange.v2.c3p0.impl.DefaultConnectionTester, contextClassLoaderSource -> caller, dataSourceName -> 1hge98ja51iks2q31nx3alv|693ef345, debugUnreturnedConnectionStackTraces -> false, description -> null, driverClass -> org.h2.Driver, extensions -> {}, factoryClassLocation -> null, forceIgnoreUnresolvedTransactions -> false, forceSynchronousCheckins -> false, forceUseNamedDriverClass -> false, identityToken -> 1hge98ja51iks2q31nx3alv|693ef345, idleConnectionTestPeriod -> 0, initialPoolSize -> 3, jdbcUrl -> jdbc:h2:/Users/swaldman/Library/Application Support/sbt-ethereum/database/h2/sbt-ethereum;AUTO_SERVER=TRUE, maxAdministrativeTaskTime -> 0, maxConnectionAge -> 0, maxIdleTime -> 0, maxIdleTimeExcessConnections -> 0, maxPoolSize -> 15, maxStatements -> 0, maxStatementsPerConnection -> 0, minPoolSize -> 3, numHelperThreads -> 3, preferredTestQuery -> null, privilegeSpawnedThreads -> false, properties -> {}, propertyCycle -> 0, statementCacheNumDeferredCloseThreads -> 0, testConnectionOnCheckin -> false, testConnectionOnCheckout -> true, unreturnedConnectionTimeout -> 0, userOverrides -> {}, usesTraditionalReflectiveProxies -> false ] 
2019-10-13T03:38:59.303-0700 [FINEST] com.mchange.sc.v1.consuela.ethereum.jsonrpc.Client: methodName = eth_compileSolidity; params = List("pragma solidity >=0.4.7;\ncontract Test {}") 
2019-10-13T03:38:59.866-0700 [INFO] sbtkey.xethFindCacheSessionSolidityCompilerKeys: [info] Updating available solidity compiler set. 
2019-10-13T03:38:59.944-0700 [INFO] sbtkey.xethOnLoadBanner: [info] sbt-ethereum-0.3.1-SNAPSHOT successfully initialized (built Sun, 13 Oct 2019 01:12:09 -0700) 
2019-10-13T03:39:09.182-0700 [WARNING] sbtkey.xethInvokerContext: [warn] Using hard-coded, backstop node URL 'https://ethjsonrpc.mchange.com/', which may not be reliable. 
2019-10-13T03:39:09.182-0700 [WARNING] sbtkey.xethInvokerContext: [warn] Please use 'ethNodeUrlDefaultSet` to define a node URL (for chain with ID 1) to which you have reliable access. 
2019-10-13T03:39:09.258-0700 [FINEST] com.mchange.sc.v1.consuela.ethereum.jsonrpc.Client: methodName = eth_gasPrice; params = List() 
2019-10-13T03:39:09.263-0700 [FINEST] com.mchange.sc.v1.consuela.ethereum.jsonrpc.Client: methodName = eth_estimateGas; params = List({"from":"0x465e79b940bc2157e4259ff6b2d92f454497f1e4","to":"0x2a03eb37c0077dba0814a004bc53f2567b7587a0","value":"0x0","data":"0xcfd299f300000000000000000000000000000000000000000000000000000000000000200000000000000000000000000000000000000000000000000000000000000023537065616b20736f66746c7920616e6420636172727920612062696720737469636b2e0000000000000000000000000000000000000000000000000000000000"}) 
2019-10-13T03:39:09.265-0700 [FINEST] com.mchange.sc.v1.consuela.ethereum.jsonrpc.Client: methodName = eth_getTransactionCount; params = List("0x465e79b940bc2157e4259ff6b2d92f454497f1e4", "pending") 
2019-10-13T03:39:11.294-0700 [FINEST] com.mchange.sc.v1.consuela.ethereum.jsonrpc.Invoker: Message transaction: Message(Unsigned256(482),Unsigned256(1000000000),Unsigned256(142887),EthAddress(ByteSeqExact20(0x2a03eb37c0077dba0814a004bc53f2567b7587a0)),Unsigned256(0),ImmutableArraySeq.Byte(0xcfd299f300000000000000000000000000000000000000000000000000000000000000200000000000000000000000000000000000000000000000000000000000000023537065616b20736f66746c7920616e6420636172727920612062696720737469636b2e0000000000000000000000000000000000000000000000000000000000)) 
2019-10-13T03:39:18.585-0700 [FINE] com.mchange.sc.v1.consuela.ethereum.EthTransaction: areSignableBytesForChainId: Matches basic sequence (RLP sequence of sufficient length ) 
2019-10-13T03:39:18.586-0700 [FINE] com.mchange.sc.v1.consuela.ethereum.EthTransaction: areSignableBytesForChainId: Checking EIP-155 transaction with Chain ID EthChainId( 1, "mainnet" ) 
2019-10-13T03:39:18.592-0700 [FINE] com.mchange.sc.v1.consuela.ethereum.EthTransaction: areSignableBytesForChainId: Good EIP-155 transaction with Chain ID EthChainId( 1, "mainnet" ) 
2019-10-13T03:39:19.628-0700 [INFO] sbtkey.xethStubEnvironment: [info] Unlocking address '0x465e79b940bc2157e4259ff6b2d92f454497f1e4' (on chain with ID 1, aliases ['default-sender','testing0']) 
2019-10-13T03:39:27.942-0700 [FINE] com.mchange.sc.v1.sbtethereum.signer.SignersManager: Address '0x465e79b940bc2157e4259ff6b2d92f454497f1e4' will be unlocked until Sun, 13 Oct 2019 03:44:27 -0700 
2019-10-13T03:39:28.118-0700 [FINEST] com.mchange.sc.v1.consuela.ethereum.jsonrpc.Client: sendSignedTransaction: Signed.WithChainId.Message(nonce=Unsigned256(482),gasPrice=Unsigned256(1000000000),gasLimit=Unsigned256(142887),to=EthAddress(ByteSeqExact20(0x2a03eb37c0077dba0814a004bc53f2567b7587a0)),value=Unsigned256(0),data=ImmutableArraySeq.Byte(0xcfd299f300000000000000000000000000000000000000000000000000000000000000200000000000000000000000000000000000000000000000000000000000000023537065616b20736f66746c7920616e6420636172727920612062696720737469636b2e0000000000000000000000000000000000000000000000000000000000),signature=WithChainId(SignatureWithChainIdV(37),SignatureR(14299570691807041396632896862778801103415839191119983571695002517602445711252),SignatureS(55238161839369300956330501873908439658724667134927015681686690325287973007326))) 
2019-10-13T03:39:28.119-0700 [FINEST] com.mchange.sc.v1.consuela.ethereum.jsonrpc.Client: recovered sender address: EthAddress(ByteSeqExact20(0x465e79b940bc2157e4259ff6b2d92f454497f1e4)) 
2019-10-13T03:39:28.120-0700 [FINEST] com.mchange.sc.v1.consuela.ethereum.jsonrpc.Client: methodName = eth_sendRawTransaction; params = List("0xf8eb8201e2843b9aca0083022e27942a03eb37c0077dba0814a004bc53f2567b7587a080b884cfd299f300000000000000000000000000000000000000000000000000000000000000200000000000000000000000000000000000000000000000000000000000000023537065616b20736f66746c7920616e6420636172727920612062696720737469636b2e000000000000000000000000000000000000000000000000000000000025a01f9d452b9f55c7680c5f53cbae1f2d2811e55a591df8008896163892cdd25794a07a1fb11078f9927cfa15d98e66c152213d682af8753498a01555245cedb1afde") 
2019-10-13T03:39:28.215-0700 [FINEST] com.mchange.sc.v1.consuela.ethereum.jsonrpc.Invoker: Repolling for transaction receipt, transaction hash: 0x12cc99f34afcf00b274ea55cb9f5ed7a9702f49116fb35caf653e3bdce0aae6e 
2019-10-13T03:39:28.216-0700 [FINEST] com.mchange.sc.v1.consuela.ethereum.jsonrpc.Client: methodName = eth_getTransactionReceipt; params = List("0x12cc99f34afcf00b274ea55cb9f5ed7a9702f49116fb35caf653e3bdce0aae6e") 
2019-10-13T03:39:28.219-0700 [FINEST] com.mchange.sc.v1.consuela.ethereum.jsonrpc.Invoker: Poller.Task( label="Polling for transaction hash '0x12cc99f34afcf00b274ea55cb9f5ed7a9702f49116fb35caf653e3bdce0aae6e'", period=3 seconds, timeout=5 minutes 
2019-10-13T03:39:31.222-0700 [FINEST] com.mchange.sc.v1.consuela.ethereum.jsonrpc.Invoker: Repolling for transaction receipt, transaction hash: 0x12cc99f34afcf00b274ea55cb9f5ed7a9702f49116fb35caf653e3bdce0aae6e 
2019-10-13T03:39:31.223-0700 [FINEST] com.mchange.sc.v1.consuela.ethereum.jsonrpc.Client: methodName = eth_getTransactionReceipt; params = List("0x12cc99f34afcf00b274ea55cb9f5ed7a9702f49116fb35caf653e3bdce0aae6e") 
2019-10-13T03:39:34.225-0700 [FINEST] com.mchange.sc.v1.consuela.ethereum.jsonrpc.Invoker: Repolling for transaction receipt, transaction hash: 0x12cc99f34afcf00b274ea55cb9f5ed7a9702f49116fb35caf653e3bdce0aae6e 
2019-10-13T03:39:34.225-0700 [FINEST] com.mchange.sc.v1.consuela.ethereum.jsonrpc.Client: methodName = eth_getTransactionReceipt; params = List("0x12cc99f34afcf00b274ea55cb9f5ed7a9702f49116fb35caf653e3bdce0aae6e") 
2019-10-13T03:39:37.230-0700 [FINEST] com.mchange.sc.v1.consuela.ethereum.jsonrpc.Invoker: Repolling for transaction receipt, transaction hash: 0x12cc99f34afcf00b274ea55cb9f5ed7a9702f49116fb35caf653e3bdce0aae6e 
2019-10-13T03:39:37.230-0700 [FINEST] com.mchange.sc.v1.consuela.ethereum.jsonrpc.Client: methodName = eth_getTransactionReceipt; params = List("0x12cc99f34afcf00b274ea55cb9f5ed7a9702f49116fb35caf653e3bdce0aae6e") 
2019-10-13T03:39:40.237-0700 [FINEST] com.mchange.sc.v1.consuela.ethereum.jsonrpc.Invoker: Repolling for transaction receipt, transaction hash: 0x12cc99f34afcf00b274ea55cb9f5ed7a9702f49116fb35caf653e3bdce0aae6e 
2019-10-13T03:39:40.237-0700 [FINEST] com.mchange.sc.v1.consuela.ethereum.jsonrpc.Client: methodName = eth_getTransactionReceipt; params = List("0x12cc99f34afcf00b274ea55cb9f5ed7a9702f49116fb35caf653e3bdce0aae6e") 
2019-10-13T03:39:43.243-0700 [FINEST] com.mchange.sc.v1.consuela.ethereum.jsonrpc.Invoker: Repolling for transaction receipt, transaction hash: 0x12cc99f34afcf00b274ea55cb9f5ed7a9702f49116fb35caf653e3bdce0aae6e 
2019-10-13T03:39:43.243-0700 [FINEST] com.mchange.sc.v1.consuela.ethereum.jsonrpc.Client: methodName = eth_getTransactionReceipt; params = List("0x12cc99f34afcf00b274ea55cb9f5ed7a9702f49116fb35caf653e3bdce0aae6e") 
2019-10-13T03:39:46.248-0700 [FINEST] com.mchange.sc.v1.consuela.ethereum.jsonrpc.Invoker: Repolling for transaction receipt, transaction hash: 0x12cc99f34afcf00b274ea55cb9f5ed7a9702f49116fb35caf653e3bdce0aae6e 
2019-10-13T03:39:46.249-0700 [FINEST] com.mchange.sc.v1.consuela.ethereum.jsonrpc.Client: methodName = eth_getTransactionReceipt; params = List("0x12cc99f34afcf00b274ea55cb9f5ed7a9702f49116fb35caf653e3bdce0aae6e") 
2019-10-13T03:39:49.252-0700 [FINEST] com.mchange.sc.v1.consuela.ethereum.jsonrpc.Invoker: Repolling for transaction receipt, transaction hash: 0x12cc99f34afcf00b274ea55cb9f5ed7a9702f49116fb35caf653e3bdce0aae6e 
2019-10-13T03:39:49.252-0700 [FINEST] com.mchange.sc.v1.consuela.ethereum.jsonrpc.Client: methodName = eth_getTransactionReceipt; params = List("0x12cc99f34afcf00b274ea55cb9f5ed7a9702f49116fb35caf653e3bdce0aae6e") 
2019-10-13T03:39:52.254-0700 [FINEST] com.mchange.sc.v1.consuela.ethereum.jsonrpc.Invoker: Repolling for transaction receipt, transaction hash: 0x12cc99f34afcf00b274ea55cb9f5ed7a9702f49116fb35caf653e3bdce0aae6e 
2019-10-13T03:39:52.255-0700 [FINEST] com.mchange.sc.v1.consuela.ethereum.jsonrpc.Client: methodName = eth_getTransactionReceipt; params = List("0x12cc99f34afcf00b274ea55cb9f5ed7a9702f49116fb35caf653e3bdce0aae6e") 
2019-10-13T03:39:55.256-0700 [FINEST] com.mchange.sc.v1.consuela.ethereum.jsonrpc.Invoker: Repolling for transaction receipt, transaction hash: 0x12cc99f34afcf00b274ea55cb9f5ed7a9702f49116fb35caf653e3bdce0aae6e 
2019-10-13T03:39:55.256-0700 [FINEST] com.mchange.sc.v1.consuela.ethereum.jsonrpc.Client: methodName = eth_getTransactionReceipt; params = List("0x12cc99f34afcf00b274ea55cb9f5ed7a9702f49116fb35caf653e3bdce0aae6e") 
2019-10-13T03:39:58.259-0700 [FINEST] com.mchange.sc.v1.consuela.ethereum.jsonrpc.Invoker: Repolling for transaction receipt, transaction hash: 0x12cc99f34afcf00b274ea55cb9f5ed7a9702f49116fb35caf653e3bdce0aae6e 
2019-10-13T03:39:58.259-0700 [FINEST] com.mchange.sc.v1.consuela.ethereum.jsonrpc.Client: methodName = eth_getTransactionReceipt; params = List("0x12cc99f34afcf00b274ea55cb9f5ed7a9702f49116fb35caf653e3bdce0aae6e") 
2019-10-13T03:40:01.261-0700 [FINEST] com.mchange.sc.v1.consuela.ethereum.jsonrpc.Invoker: Repolling for transaction receipt, transaction hash: 0x12cc99f34afcf00b274ea55cb9f5ed7a9702f49116fb35caf653e3bdce0aae6e 
2019-10-13T03:40:01.262-0700 [FINEST] com.mchange.sc.v1.consuela.ethereum.jsonrpc.Client: methodName = eth_getTransactionReceipt; params = List("0x12cc99f34afcf00b274ea55cb9f5ed7a9702f49116fb35caf653e3bdce0aae6e") 
2019-10-13T03:40:04.263-0700 [FINEST] com.mchange.sc.v1.consuela.ethereum.jsonrpc.Invoker: Repolling for transaction receipt, transaction hash: 0x12cc99f34afcf00b274ea55cb9f5ed7a9702f49116fb35caf653e3bdce0aae6e 
2019-10-13T03:40:04.264-0700 [FINEST] com.mchange.sc.v1.consuela.ethereum.jsonrpc.Client: methodName = eth_getTransactionReceipt; params = List("0x12cc99f34afcf00b274ea55cb9f5ed7a9702f49116fb35caf653e3bdce0aae6e") 
2019-10-13T03:40:07.268-0700 [FINEST] com.mchange.sc.v1.consuela.ethereum.jsonrpc.Invoker: Repolling for transaction receipt, transaction hash: 0x12cc99f34afcf00b274ea55cb9f5ed7a9702f49116fb35caf653e3bdce0aae6e 
2019-10-13T03:40:07.268-0700 [FINEST] com.mchange.sc.v1.consuela.ethereum.jsonrpc.Client: methodName = eth_getTransactionReceipt; params = List("0x12cc99f34afcf00b274ea55cb9f5ed7a9702f49116fb35caf653e3bdce0aae6e") 
2019-10-13T03:40:10.274-0700 [FINEST] com.mchange.sc.v1.consuela.ethereum.jsonrpc.Invoker: Repolling for transaction receipt, transaction hash: 0x12cc99f34afcf00b274ea55cb9f5ed7a9702f49116fb35caf653e3bdce0aae6e 
2019-10-13T03:40:10.275-0700 [FINEST] com.mchange.sc.v1.consuela.ethereum.jsonrpc.Client: methodName = eth_getTransactionReceipt; params = List("0x12cc99f34afcf00b274ea55cb9f5ed7a9702f49116fb35caf653e3bdce0aae6e") 
2019-10-13T03:40:13.281-0700 [FINEST] com.mchange.sc.v1.consuela.ethereum.jsonrpc.Invoker: Repolling for transaction receipt, transaction hash: 0x12cc99f34afcf00b274ea55cb9f5ed7a9702f49116fb35caf653e3bdce0aae6e 
2019-10-13T03:40:13.283-0700 [FINEST] com.mchange.sc.v1.consuela.ethereum.jsonrpc.Client: methodName = eth_getTransactionReceipt; params = List("0x12cc99f34afcf00b274ea55cb9f5ed7a9702f49116fb35caf653e3bdce0aae6e") 
2019-10-13T03:40:16.289-0700 [FINEST] com.mchange.sc.v1.consuela.ethereum.jsonrpc.Invoker: Repolling for transaction receipt, transaction hash: 0x12cc99f34afcf00b274ea55cb9f5ed7a9702f49116fb35caf653e3bdce0aae6e 
2019-10-13T03:40:16.289-0700 [FINEST] com.mchange.sc.v1.consuela.ethereum.jsonrpc.Client: methodName = eth_getTransactionReceipt; params = List("0x12cc99f34afcf00b274ea55cb9f5ed7a9702f49116fb35caf653e3bdce0aae6e") 
2019-10-13T03:40:19.294-0700 [FINEST] com.mchange.sc.v1.consuela.ethereum.jsonrpc.Invoker: Repolling for transaction receipt, transaction hash: 0x12cc99f34afcf00b274ea55cb9f5ed7a9702f49116fb35caf653e3bdce0aae6e 
2019-10-13T03:40:19.294-0700 [FINEST] com.mchange.sc.v1.consuela.ethereum.jsonrpc.Client: methodName = eth_getTransactionReceipt; params = List("0x12cc99f34afcf00b274ea55cb9f5ed7a9702f49116fb35caf653e3bdce0aae6e") 
2019-10-13T03:40:22.298-0700 [FINEST] com.mchange.sc.v1.consuela.ethereum.jsonrpc.Invoker: Repolling for transaction receipt, transaction hash: 0x12cc99f34afcf00b274ea55cb9f5ed7a9702f49116fb35caf653e3bdce0aae6e 
2019-10-13T03:40:22.299-0700 [FINEST] com.mchange.sc.v1.consuela.ethereum.jsonrpc.Client: methodName = eth_getTransactionReceipt; params = List("0x12cc99f34afcf00b274ea55cb9f5ed7a9702f49116fb35caf653e3bdce0aae6e") 
2019-10-13T03:40:25.303-0700 [FINEST] com.mchange.sc.v1.consuela.ethereum.jsonrpc.Invoker: Repolling for transaction receipt, transaction hash: 0x12cc99f34afcf00b274ea55cb9f5ed7a9702f49116fb35caf653e3bdce0aae6e 
2019-10-13T03:40:25.303-0700 [FINEST] com.mchange.sc.v1.consuela.ethereum.jsonrpc.Client: methodName = eth_getTransactionReceipt; params = List("0x12cc99f34afcf00b274ea55cb9f5ed7a9702f49116fb35caf653e3bdce0aae6e") 
2019-10-13T03:40:28.308-0700 [FINEST] com.mchange.sc.v1.consuela.ethereum.jsonrpc.Invoker: Repolling for transaction receipt, transaction hash: 0x12cc99f34afcf00b274ea55cb9f5ed7a9702f49116fb35caf653e3bdce0aae6e 
2019-10-13T03:40:28.308-0700 [FINEST] com.mchange.sc.v1.consuela.ethereum.jsonrpc.Client: methodName = eth_getTransactionReceipt; params = List("0x12cc99f34afcf00b274ea55cb9f5ed7a9702f49116fb35caf653e3bdce0aae6e") 
2019-10-13T03:40:31.313-0700 [FINEST] com.mchange.sc.v1.consuela.ethereum.jsonrpc.Invoker: Repolling for transaction receipt, transaction hash: 0x12cc99f34afcf00b274ea55cb9f5ed7a9702f49116fb35caf653e3bdce0aae6e 
2019-10-13T03:40:31.314-0700 [FINEST] com.mchange.sc.v1.consuela.ethereum.jsonrpc.Client: methodName = eth_getTransactionReceipt; params = List("0x12cc99f34afcf00b274ea55cb9f5ed7a9702f49116fb35caf653e3bdce0aae6e") 
2019-10-13T03:40:34.318-0700 [FINEST] com.mchange.sc.v1.consuela.ethereum.jsonrpc.Invoker: Repolling for transaction receipt, transaction hash: 0x12cc99f34afcf00b274ea55cb9f5ed7a9702f49116fb35caf653e3bdce0aae6e 
2019-10-13T03:40:34.318-0700 [FINEST] com.mchange.sc.v1.consuela.ethereum.jsonrpc.Client: methodName = eth_getTransactionReceipt; params = List("0x12cc99f34afcf00b274ea55cb9f5ed7a9702f49116fb35caf653e3bdce0aae6e") 
2019-10-13T03:40:37.323-0700 [FINEST] com.mchange.sc.v1.consuela.ethereum.jsonrpc.Invoker: Repolling for transaction receipt, transaction hash: 0x12cc99f34afcf00b274ea55cb9f5ed7a9702f49116fb35caf653e3bdce0aae6e 
2019-10-13T03:40:37.323-0700 [FINEST] com.mchange.sc.v1.consuela.ethereum.jsonrpc.Client: methodName = eth_getTransactionReceipt; params = List("0x12cc99f34afcf00b274ea55cb9f5ed7a9702f49116fb35caf653e3bdce0aae6e") 
2019-10-13T03:40:40.326-0700 [FINEST] com.mchange.sc.v1.consuela.ethereum.jsonrpc.Invoker: Repolling for transaction receipt, transaction hash: 0x12cc99f34afcf00b274ea55cb9f5ed7a9702f49116fb35caf653e3bdce0aae6e 
2019-10-13T03:40:40.326-0700 [FINEST] com.mchange.sc.v1.consuela.ethereum.jsonrpc.Client: methodName = eth_getTransactionReceipt; params = List("0x12cc99f34afcf00b274ea55cb9f5ed7a9702f49116fb35caf653e3bdce0aae6e") 
2019-10-13T03:40:43.330-0700 [FINEST] com.mchange.sc.v1.consuela.ethereum.jsonrpc.Invoker: Repolling for transaction receipt, transaction hash: 0x12cc99f34afcf00b274ea55cb9f5ed7a9702f49116fb35caf653e3bdce0aae6e 
2019-10-13T03:40:43.330-0700 [FINEST] com.mchange.sc.v1.consuela.ethereum.jsonrpc.Client: methodName = eth_getTransactionReceipt; params = List("0x12cc99f34afcf00b274ea55cb9f5ed7a9702f49116fb35caf653e3bdce0aae6e") 
2019-10-13T03:40:46.332-0700 [FINEST] com.mchange.sc.v1.consuela.ethereum.jsonrpc.Invoker: Repolling for transaction receipt, transaction hash: 0x12cc99f34afcf00b274ea55cb9f5ed7a9702f49116fb35caf653e3bdce0aae6e 
2019-10-13T03:40:46.333-0700 [FINEST] com.mchange.sc.v1.consuela.ethereum.jsonrpc.Client: methodName = eth_getTransactionReceipt; params = List("0x12cc99f34afcf00b274ea55cb9f5ed7a9702f49116fb35caf653e3bdce0aae6e") 
2019-10-13T03:40:49.339-0700 [FINEST] com.mchange.sc.v1.consuela.ethereum.jsonrpc.Invoker: Repolling for transaction receipt, transaction hash: 0x12cc99f34afcf00b274ea55cb9f5ed7a9702f49116fb35caf653e3bdce0aae6e 
2019-10-13T03:40:49.339-0700 [FINEST] com.mchange.sc.v1.consuela.ethereum.jsonrpc.Client: methodName = eth_getTransactionReceipt; params = List("0x12cc99f34afcf00b274ea55cb9f5ed7a9702f49116fb35caf653e3bdce0aae6e") 
2019-10-13T03:40:52.344-0700 [FINEST] com.mchange.sc.v1.consuela.ethereum.jsonrpc.Invoker: Repolling for transaction receipt, transaction hash: 0x12cc99f34afcf00b274ea55cb9f5ed7a9702f49116fb35caf653e3bdce0aae6e 
2019-10-13T03:40:52.344-0700 [FINEST] com.mchange.sc.v1.consuela.ethereum.jsonrpc.Client: methodName = eth_getTransactionReceipt; params = List("0x12cc99f34afcf00b274ea55cb9f5ed7a9702f49116fb35caf653e3bdce0aae6e") 
2019-10-13T03:40:55.349-0700 [INFO] sbtkey.quipAdd: [info] The quip "Speak softly and carry a big stick." has been successfully added to the Quip contract at address '0x2a03eb37c0077dba0814a004bc53f2567b7587a0'. 
2019-10-13T03:41:35.267-0700 [INFO] sbtkey.ethAddressOverride: [info] Sender override set to '0xae79b77e31387a3b2409b70c27cebc7220101026' (on chain with ID 1, aliases ['testing1'])). 
2019-10-13T03:41:41.131-0700 [FINEST] com.mchange.sc.v1.consuela.ethereum.jsonrpc.Client: methodName = eth_gasPrice; params = List() 
2019-10-13T03:41:41.132-0700 [FINEST] com.mchange.sc.v1.consuela.ethereum.jsonrpc.Client: methodName = eth_estimateGas; params = List({"from":"0xae79b77e31387a3b2409b70c27cebc7220101026","to":"0x2a03eb37c0077dba0814a004bc53f2567b7587a0","value":"0x0","data":"0xa93d6b2b"}) 
2019-10-13T03:41:41.366-0700 [FINEST] com.mchange.sc.v1.consuela.ethereum.jsonrpc.Client: methodName = eth_call; params = List({"from":"0xae79b77e31387a3b2409b70c27cebc7220101026","to":"0x2a03eb37c0077dba0814a004bc53f2567b7587a0","gas":"0x65c8","gasPrice":"0x3b9aca00","value":"0x0","data":"0xa93d6b2b"}, "latest") 
2019-10-13T03:41:41.505-0700 [FINEST] com.mchange.sc.v1.consuela.ethereum.jsonrpc.Client: methodName = eth_gasPrice; params = List() 
2019-10-13T03:41:41.506-0700 [FINEST] com.mchange.sc.v1.consuela.ethereum.jsonrpc.Client: methodName = eth_estimateGas; params = List({"from":"0xae79b77e31387a3b2409b70c27cebc7220101026","to":"0x2a03eb37c0077dba0814a004bc53f2567b7587a0","value":"0x0","data":"0x6a083c2c0000000000000000000000000000000000000000000000000000000000000000"}) 
2019-10-13T03:41:42.017-0700 [FINEST] com.mchange.sc.v1.consuela.ethereum.jsonrpc.Client: methodName = eth_call; params = List({"from":"0xae79b77e31387a3b2409b70c27cebc7220101026","to":"0x2a03eb37c0077dba0814a004bc53f2567b7587a0","gas":"0x7042","gasPrice":"0x3b9aca00","value":"0x0","data":"0x6a083c2c0000000000000000000000000000000000000000000000000000000000000000"}, "latest") 
2019-10-13T03:41:42.319-0700 [FINEST] com.mchange.sc.v1.consuela.ethereum.jsonrpc.Client: methodName = eth_gasPrice; params = List() 
2019-10-13T03:41:42.320-0700 [FINEST] com.mchange.sc.v1.consuela.ethereum.jsonrpc.Client: methodName = eth_estimateGas; params = List({"from":"0xae79b77e31387a3b2409b70c27cebc7220101026","to":"0x2a03eb37c0077dba0814a004bc53f2567b7587a0","value":"0x0","data":"0x6a083c2c0000000000000000000000000000000000000000000000000000000000000001"}) 
2019-10-13T03:41:42.492-0700 [FINEST] com.mchange.sc.v1.consuela.ethereum.jsonrpc.Client: methodName = eth_call; params = List({"from":"0xae79b77e31387a3b2409b70c27cebc7220101026","to":"0x2a03eb37c0077dba0814a004bc53f2567b7587a0","gas":"0x708f","gasPrice":"0x3b9aca00","value":"0x0","data":"0x6a083c2c0000000000000000000000000000000000000000000000000000000000000001"}, "latest") 
2019-10-13T03:41:42.660-0700 [FINEST] com.mchange.sc.v1.consuela.ethereum.jsonrpc.Client: methodName = eth_gasPrice; params = List() 
2019-10-13T03:41:42.661-0700 [FINEST] com.mchange.sc.v1.consuela.ethereum.jsonrpc.Client: methodName = eth_estimateGas; params = List({"from":"0xae79b77e31387a3b2409b70c27cebc7220101026","to":"0x2a03eb37c0077dba0814a004bc53f2567b7587a0","value":"0x0","data":"0x6a083c2c0000000000000000000000000000000000000000000000000000000000000002"}) 
2019-10-13T03:41:42.830-0700 [FINEST] com.mchange.sc.v1.consuela.ethereum.jsonrpc.Client: methodName = eth_call; params = List({"from":"0xae79b77e31387a3b2409b70c27cebc7220101026","to":"0x2a03eb37c0077dba0814a004bc53f2567b7587a0","gas":"0x708f","gasPrice":"0x3b9aca00","value":"0x0","data":"0x6a083c2c0000000000000000000000000000000000000000000000000000000000000002"}, "latest") 
2019-10-13T03:45:48.829-0700 [INFO] com.mchange.v2.log.MLog: MLog clients using java 1.4+ standard logging. 
2019-10-13T03:45:49.089-0700 [FINEST] com.mchange.sc.v1.sbtethereum.signer.SignersManager: Initializing SignersManager [com.mchange.sc.v1.sbtethereum.signer.SignersManager@3e574f9c] 
2019-10-13T03:47:40.517-0700 [INFO] com.mchange.v2.log.MLog: MLog clients using java 1.4+ standard logging. 
2019-10-13T03:47:40.818-0700 [FINEST] com.mchange.sc.v1.sbtethereum.signer.SignersManager: Initializing SignersManager [com.mchange.sc.v1.sbtethereum.signer.SignersManager@218fc40d] 
2019-10-13T03:47:43.574-0700 [INFO] com.mchange.v2.c3p0.C3P0Registry: Initializing c3p0-0.9.5.4 [built 23-March-2019 23:00:48 -0700; debug? true; trace: 10] 
2019-10-13T03:47:43.647-0700 [INFO] com.mchange.v2.c3p0.impl.AbstractPoolBackedDataSource: Initializing c3p0 pool... com.mchange.v2.c3p0.ComboPooledDataSource [ acquireIncrement -> 3, acquireRetryAttempts -> 30, acquireRetryDelay -> 1000, autoCommitOnClose -> false, automaticTestTable -> null, breakAfterAcquireFailure -> false, checkoutTimeout -> 0, connectionCustomizerClassName -> null, connectionTesterClassName -> com.mchange.v2.c3p0.impl.DefaultConnectionTester, contextClassLoaderSource -> caller, dataSourceName -> 1hge98ja51il3bnxwj91wc|816d7b9, debugUnreturnedConnectionStackTraces -> false, description -> null, driverClass -> org.h2.Driver, extensions -> {}, factoryClassLocation -> null, forceIgnoreUnresolvedTransactions -> false, forceSynchronousCheckins -> false, forceUseNamedDriverClass -> false, identityToken -> 1hge98ja51il3bnxwj91wc|816d7b9, idleConnectionTestPeriod -> 0, initialPoolSize -> 3, jdbcUrl -> jdbc:h2:/Users/swaldman/Library/Application Support/sbt-ethereum/database/h2/sbt-ethereum;AUTO_SERVER=TRUE, maxAdministrativeTaskTime -> 0, maxConnectionAge -> 0, maxIdleTime -> 0, maxIdleTimeExcessConnections -> 0, maxPoolSize -> 15, maxStatements -> 0, maxStatementsPerConnection -> 0, minPoolSize -> 3, numHelperThreads -> 3, preferredTestQuery -> null, privilegeSpawnedThreads -> false, properties -> {}, propertyCycle -> 0, statementCacheNumDeferredCloseThreads -> 0, testConnectionOnCheckin -> false, testConnectionOnCheckout -> true, unreturnedConnectionTimeout -> 0, userOverrides -> {}, usesTraditionalReflectiveProxies -> false ] 
2019-10-13T03:47:44.178-0700 [FINEST] com.mchange.sc.v1.consuela.ethereum.jsonrpc.Client: methodName = eth_compileSolidity; params = List("pragma solidity >=0.4.7;\ncontract Test {}") 
2019-10-13T03:47:44.759-0700 [INFO] sbtkey.xethFindCacheSessionSolidityCompilerKeys: [info] Updating available solidity compiler set. 
2019-10-13T03:47:44.842-0700 [INFO] sbtkey.xethOnLoadBanner: [info] sbt-ethereum-0.3.1-SNAPSHOT successfully initialized (built Sun, 13 Oct 2019 01:12:09 -0700) 
2019-10-13T03:47:52.567-0700 [WARNING] sbtkey.xethInvokerContext: [warn] Using hard-coded, backstop node URL 'https://ethjsonrpc.mchange.com/', which may not be reliable. 
2019-10-13T03:47:52.568-0700 [WARNING] sbtkey.xethInvokerContext: [warn] Please use 'ethNodeUrlDefaultSet` to define a node URL (for chain with ID 1) to which you have reliable access. 
2019-10-13T03:47:52.687-0700 [FINEST] com.mchange.sc.v1.consuela.ethereum.jsonrpc.Client: methodName = eth_gasPrice; params = List() 
2019-10-13T03:47:52.693-0700 [FINEST] com.mchange.sc.v1.consuela.ethereum.jsonrpc.Client: methodName = eth_estimateGas; params = List({"from":"0x465e79b940bc2157e4259ff6b2d92f454497f1e4","to":"0x2a03eb37c0077dba0814a004bc53f2567b7587a0","value":"0x0","data":"0xa93d6b2b"}) 
2019-10-13T03:47:53.025-0700 [FINEST] com.mchange.sc.v1.consuela.ethereum.jsonrpc.Client: methodName = eth_call; params = List({"from":"0x465e79b940bc2157e4259ff6b2d92f454497f1e4","to":"0x2a03eb37c0077dba0814a004bc53f2567b7587a0","gas":"0x65c8","gasPrice":"0x3b9aca00","value":"0x0","data":"0xa93d6b2b"}, "latest") 
2019-10-13T03:47:53.120-0700 [FINEST] com.mchange.sc.v1.consuela.ethereum.jsonrpc.Client: methodName = eth_gasPrice; params = List() 
2019-10-13T03:47:53.121-0700 [FINEST] com.mchange.sc.v1.consuela.ethereum.jsonrpc.Client: methodName = eth_estimateGas; params = List({"from":"0x465e79b940bc2157e4259ff6b2d92f454497f1e4","to":"0x2a03eb37c0077dba0814a004bc53f2567b7587a0","value":"0x0","data":"0x6a083c2c0000000000000000000000000000000000000000000000000000000000000000"}) 
2019-10-13T03:47:53.214-0700 [FINEST] com.mchange.sc.v1.consuela.ethereum.jsonrpc.Client: methodName = eth_call; params = List({"from":"0x465e79b940bc2157e4259ff6b2d92f454497f1e4","to":"0x2a03eb37c0077dba0814a004bc53f2567b7587a0","gas":"0x7042","gasPrice":"0x3b9aca00","value":"0x0","data":"0x6a083c2c0000000000000000000000000000000000000000000000000000000000000000"}, "latest") 
2019-10-13T03:47:53.301-0700 [FINEST] com.mchange.sc.v1.consuela.ethereum.jsonrpc.Client: methodName = eth_gasPrice; params = List() 
2019-10-13T03:47:53.302-0700 [FINEST] com.mchange.sc.v1.consuela.ethereum.jsonrpc.Client: methodName = eth_estimateGas; params = List({"from":"0x465e79b940bc2157e4259ff6b2d92f454497f1e4","to":"0x2a03eb37c0077dba0814a004bc53f2567b7587a0","value":"0x0","data":"0x6a083c2c0000000000000000000000000000000000000000000000000000000000000001"}) 
2019-10-13T03:47:53.397-0700 [FINEST] com.mchange.sc.v1.consuela.ethereum.jsonrpc.Client: methodName = eth_call; params = List({"from":"0x465e79b940bc2157e4259ff6b2d92f454497f1e4","to":"0x2a03eb37c0077dba0814a004bc53f2567b7587a0","gas":"0x708f","gasPrice":"0x3b9aca00","value":"0x0","data":"0x6a083c2c0000000000000000000000000000000000000000000000000000000000000001"}, "latest") 
2019-10-13T03:47:53.477-0700 [FINEST] com.mchange.sc.v1.consuela.ethereum.jsonrpc.Client: methodName = eth_gasPrice; params = List() 
2019-10-13T03:47:53.480-0700 [FINEST] com.mchange.sc.v1.consuela.ethereum.jsonrpc.Client: methodName = eth_estimateGas; params = List({"from":"0x465e79b940bc2157e4259ff6b2d92f454497f1e4","to":"0x2a03eb37c0077dba0814a004bc53f2567b7587a0","value":"0x0","data":"0x6a083c2c0000000000000000000000000000000000000000000000000000000000000002"}) 
2019-10-13T03:47:53.594-0700 [FINEST] com.mchange.sc.v1.consuela.ethereum.jsonrpc.Client: methodName = eth_call; params = List({"from":"0x465e79b940bc2157e4259ff6b2d92f454497f1e4","to":"0x2a03eb37c0077dba0814a004bc53f2567b7587a0","gas":"0x708f","gasPrice":"0x3b9aca00","value":"0x0","data":"0x6a083c2c0000000000000000000000000000000000000000000000000000000000000002"}, "latest") 
2019-10-13T03:49:50.388-0700 [INFO] sbtkey.ethAddressOverride: [info] Sender override set to '0xae79b77e31387a3b2409b70c27cebc7220101026' (on chain with ID 1, aliases ['testing1'])). 
2019-10-13T03:50:00.865-0700 [FINEST] com.mchange.sc.v1.consuela.ethereum.jsonrpc.Client: methodName = eth_gasPrice; params = List() 
2019-10-13T03:50:00.866-0700 [FINEST] com.mchange.sc.v1.consuela.ethereum.jsonrpc.Client: methodName = eth_estimateGas; params = List({"from":"0xae79b77e31387a3b2409b70c27cebc7220101026","to":"0x2a03eb37c0077dba0814a004bc53f2567b7587a0","value":"0x0","data":"0x0121b93f0000000000000000000000000000000000000000000000000000000000000002"}) 
2019-10-13T03:50:00.867-0700 [FINEST] com.mchange.sc.v1.consuela.ethereum.jsonrpc.Client: methodName = eth_getTransactionCount; params = List("0xae79b77e31387a3b2409b70c27cebc7220101026", "pending") 
2019-10-13T03:50:01.259-0700 [FINEST] com.mchange.sc.v1.consuela.ethereum.jsonrpc.Invoker: Message transaction: Message(Unsigned256(29),Unsigned256(1000000000),Unsigned256(56151),EthAddress(ByteSeqExact20(0x2a03eb37c0077dba0814a004bc53f2567b7587a0)),Unsigned256(0),ImmutableArraySeq.Byte(0x0121b93f0000000000000000000000000000000000000000000000000000000000000002)) 
2019-10-13T03:50:05.229-0700 [FINE] com.mchange.sc.v1.consuela.ethereum.EthTransaction: areSignableBytesForChainId: Matches basic sequence (RLP sequence of sufficient length ) 
2019-10-13T03:50:05.230-0700 [FINE] com.mchange.sc.v1.consuela.ethereum.EthTransaction: areSignableBytesForChainId: Checking EIP-155 transaction with Chain ID EthChainId( 1, "mainnet" ) 
2019-10-13T03:50:05.236-0700 [FINE] com.mchange.sc.v1.consuela.ethereum.EthTransaction: areSignableBytesForChainId: Good EIP-155 transaction with Chain ID EthChainId( 1, "mainnet" ) 
2019-10-13T03:50:06.265-0700 [INFO] sbtkey.xethStubEnvironment: [info] Unlocking address '0xae79b77e31387a3b2409b70c27cebc7220101026' (on chain with ID 1, aliases ['testing1']) 
2019-10-13T03:50:18.109-0700 [FINE] com.mchange.sc.v1.sbtethereum.signer.SignersManager: Address '0xae79b77e31387a3b2409b70c27cebc7220101026' will be unlocked until Sun, 13 Oct 2019 03:55:18 -0700 
2019-10-13T03:50:18.282-0700 [FINEST] com.mchange.sc.v1.consuela.ethereum.jsonrpc.Client: sendSignedTransaction: Signed.WithChainId.Message(nonce=Unsigned256(29),gasPrice=Unsigned256(1000000000),gasLimit=Unsigned256(56151),to=EthAddress(ByteSeqExact20(0x2a03eb37c0077dba0814a004bc53f2567b7587a0)),value=Unsigned256(0),data=ImmutableArraySeq.Byte(0x0121b93f0000000000000000000000000000000000000000000000000000000000000002),signature=WithChainId(SignatureWithChainIdV(37),SignatureR(13767148750251924807460716048104747725050293429757046562090929916831024786683),SignatureS(26250796056154231537519887968740813034025868013746343181678190680519761940947))) 
2019-10-13T03:50:18.283-0700 [FINEST] com.mchange.sc.v1.consuela.ethereum.jsonrpc.Client: recovered sender address: EthAddress(ByteSeqExact20(0xae79b77e31387a3b2409b70c27cebc7220101026)) 
2019-10-13T03:50:18.284-0700 [FINEST] com.mchange.sc.v1.consuela.ethereum.jsonrpc.Client: methodName = eth_sendRawTransaction; params = List("0xf8871d843b9aca0082db57942a03eb37c0077dba0814a004bc53f2567b7587a080a40121b93f000000000000000000000000000000000000000000000000000000000000000225a01e6fee1837f8312a4fab45e21831308d7e0a47db8b1148cfe04bb2661a4bacfba03a096c8deb562ece3af10f46a069df566de264b8219e8f49bddbcbdbe6f751d3") 
2019-10-13T03:50:18.383-0700 [FINEST] com.mchange.sc.v1.consuela.ethereum.jsonrpc.Invoker: Repolling for transaction receipt, transaction hash: 0x1c97b40b0964038b200a5ec481d2d61376069013fe20c90ad7db1f9b6accbdeb 
2019-10-13T03:50:18.384-0700 [FINEST] com.mchange.sc.v1.consuela.ethereum.jsonrpc.Client: methodName = eth_getTransactionReceipt; params = List("0x1c97b40b0964038b200a5ec481d2d61376069013fe20c90ad7db1f9b6accbdeb") 
2019-10-13T03:50:18.387-0700 [FINEST] com.mchange.sc.v1.consuela.ethereum.jsonrpc.Invoker: Poller.Task( label="Polling for transaction hash '0x1c97b40b0964038b200a5ec481d2d61376069013fe20c90ad7db1f9b6accbdeb'", period=3 seconds, timeout=5 minutes 
2019-10-13T03:50:21.390-0700 [FINEST] com.mchange.sc.v1.consuela.ethereum.jsonrpc.Invoker: Repolling for transaction receipt, transaction hash: 0x1c97b40b0964038b200a5ec481d2d61376069013fe20c90ad7db1f9b6accbdeb 
2019-10-13T03:50:21.391-0700 [FINEST] com.mchange.sc.v1.consuela.ethereum.jsonrpc.Client: methodName = eth_getTransactionReceipt; params = List("0x1c97b40b0964038b200a5ec481d2d61376069013fe20c90ad7db1f9b6accbdeb") 
2019-10-13T03:50:24.393-0700 [FINEST] com.mchange.sc.v1.consuela.ethereum.jsonrpc.Invoker: Repolling for transaction receipt, transaction hash: 0x1c97b40b0964038b200a5ec481d2d61376069013fe20c90ad7db1f9b6accbdeb 
2019-10-13T03:50:24.393-0700 [FINEST] com.mchange.sc.v1.consuela.ethereum.jsonrpc.Client: methodName = eth_getTransactionReceipt; params = List("0x1c97b40b0964038b200a5ec481d2d61376069013fe20c90ad7db1f9b6accbdeb") 
2019-10-13T03:50:27.398-0700 [FINEST] com.mchange.sc.v1.consuela.ethereum.jsonrpc.Invoker: Repolling for transaction receipt, transaction hash: 0x1c97b40b0964038b200a5ec481d2d61376069013fe20c90ad7db1f9b6accbdeb 
2019-10-13T03:50:27.398-0700 [FINEST] com.mchange.sc.v1.consuela.ethereum.jsonrpc.Client: methodName = eth_getTransactionReceipt; params = List("0x1c97b40b0964038b200a5ec481d2d61376069013fe20c90ad7db1f9b6accbdeb") 
2019-10-13T03:50:30.403-0700 [FINEST] com.mchange.sc.v1.consuela.ethereum.jsonrpc.Invoker: Repolling for transaction receipt, transaction hash: 0x1c97b40b0964038b200a5ec481d2d61376069013fe20c90ad7db1f9b6accbdeb 
2019-10-13T03:50:30.404-0700 [FINEST] com.mchange.sc.v1.consuela.ethereum.jsonrpc.Client: methodName = eth_getTransactionReceipt; params = List("0x1c97b40b0964038b200a5ec481d2d61376069013fe20c90ad7db1f9b6accbdeb") 
2019-10-13T03:50:33.409-0700 [FINEST] com.mchange.sc.v1.consuela.ethereum.jsonrpc.Invoker: Repolling for transaction receipt, transaction hash: 0x1c97b40b0964038b200a5ec481d2d61376069013fe20c90ad7db1f9b6accbdeb 
2019-10-13T03:50:33.409-0700 [FINEST] com.mchange.sc.v1.consuela.ethereum.jsonrpc.Client: methodName = eth_getTransactionReceipt; params = List("0x1c97b40b0964038b200a5ec481d2d61376069013fe20c90ad7db1f9b6accbdeb") 
2019-10-13T03:50:36.414-0700 [FINEST] com.mchange.sc.v1.consuela.ethereum.jsonrpc.Invoker: Repolling for transaction receipt, transaction hash: 0x1c97b40b0964038b200a5ec481d2d61376069013fe20c90ad7db1f9b6accbdeb 
2019-10-13T03:50:36.415-0700 [FINEST] com.mchange.sc.v1.consuela.ethereum.jsonrpc.Client: methodName = eth_getTransactionReceipt; params = List("0x1c97b40b0964038b200a5ec481d2d61376069013fe20c90ad7db1f9b6accbdeb") 
2019-10-13T03:50:39.420-0700 [FINEST] com.mchange.sc.v1.consuela.ethereum.jsonrpc.Invoker: Repolling for transaction receipt, transaction hash: 0x1c97b40b0964038b200a5ec481d2d61376069013fe20c90ad7db1f9b6accbdeb 
2019-10-13T03:50:39.420-0700 [FINEST] com.mchange.sc.v1.consuela.ethereum.jsonrpc.Client: methodName = eth_getTransactionReceipt; params = List("0x1c97b40b0964038b200a5ec481d2d61376069013fe20c90ad7db1f9b6accbdeb") 
2019-10-13T03:50:42.423-0700 [FINEST] com.mchange.sc.v1.consuela.ethereum.jsonrpc.Invoker: Repolling for transaction receipt, transaction hash: 0x1c97b40b0964038b200a5ec481d2d61376069013fe20c90ad7db1f9b6accbdeb 
2019-10-13T03:50:42.423-0700 [FINEST] com.mchange.sc.v1.consuela.ethereum.jsonrpc.Client: methodName = eth_getTransactionReceipt; params = List("0x1c97b40b0964038b200a5ec481d2d61376069013fe20c90ad7db1f9b6accbdeb") 
2019-10-13T03:50:45.428-0700 [FINEST] com.mchange.sc.v1.consuela.ethereum.jsonrpc.Invoker: Repolling for transaction receipt, transaction hash: 0x1c97b40b0964038b200a5ec481d2d61376069013fe20c90ad7db1f9b6accbdeb 
2019-10-13T03:50:45.429-0700 [FINEST] com.mchange.sc.v1.consuela.ethereum.jsonrpc.Client: methodName = eth_getTransactionReceipt; params = List("0x1c97b40b0964038b200a5ec481d2d61376069013fe20c90ad7db1f9b6accbdeb") 
2019-10-13T03:50:48.433-0700 [FINEST] com.mchange.sc.v1.consuela.ethereum.jsonrpc.Invoker: Repolling for transaction receipt, transaction hash: 0x1c97b40b0964038b200a5ec481d2d61376069013fe20c90ad7db1f9b6accbdeb 
2019-10-13T03:50:48.433-0700 [FINEST] com.mchange.sc.v1.consuela.ethereum.jsonrpc.Client: methodName = eth_getTransactionReceipt; params = List("0x1c97b40b0964038b200a5ec481d2d61376069013fe20c90ad7db1f9b6accbdeb") 
2019-10-13T03:50:51.437-0700 [FINEST] com.mchange.sc.v1.consuela.ethereum.jsonrpc.Invoker: Repolling for transaction receipt, transaction hash: 0x1c97b40b0964038b200a5ec481d2d61376069013fe20c90ad7db1f9b6accbdeb 
2019-10-13T03:50:51.437-0700 [FINEST] com.mchange.sc.v1.consuela.ethereum.jsonrpc.Client: methodName = eth_getTransactionReceipt; params = List("0x1c97b40b0964038b200a5ec481d2d61376069013fe20c90ad7db1f9b6accbdeb") 
2019-10-13T03:50:54.439-0700 [FINEST] com.mchange.sc.v1.consuela.ethereum.jsonrpc.Invoker: Repolling for transaction receipt, transaction hash: 0x1c97b40b0964038b200a5ec481d2d61376069013fe20c90ad7db1f9b6accbdeb 
2019-10-13T03:50:54.439-0700 [FINEST] com.mchange.sc.v1.consuela.ethereum.jsonrpc.Client: methodName = eth_getTransactionReceipt; params = List("0x1c97b40b0964038b200a5ec481d2d61376069013fe20c90ad7db1f9b6accbdeb") 
2019-10-13T03:50:57.441-0700 [FINEST] com.mchange.sc.v1.consuela.ethereum.jsonrpc.Invoker: Repolling for transaction receipt, transaction hash: 0x1c97b40b0964038b200a5ec481d2d61376069013fe20c90ad7db1f9b6accbdeb 
2019-10-13T03:50:57.441-0700 [FINEST] com.mchange.sc.v1.consuela.ethereum.jsonrpc.Client: methodName = eth_getTransactionReceipt; params = List("0x1c97b40b0964038b200a5ec481d2d61376069013fe20c90ad7db1f9b6accbdeb") 
2019-10-13T03:51:00.446-0700 [FINEST] com.mchange.sc.v1.consuela.ethereum.jsonrpc.Invoker: Repolling for transaction receipt, transaction hash: 0x1c97b40b0964038b200a5ec481d2d61376069013fe20c90ad7db1f9b6accbdeb 
2019-10-13T03:51:00.446-0700 [FINEST] com.mchange.sc.v1.consuela.ethereum.jsonrpc.Client: methodName = eth_getTransactionReceipt; params = List("0x1c97b40b0964038b200a5ec481d2d61376069013fe20c90ad7db1f9b6accbdeb") 
2019-10-13T03:51:03.452-0700 [FINEST] com.mchange.sc.v1.consuela.ethereum.jsonrpc.Invoker: Repolling for transaction receipt, transaction hash: 0x1c97b40b0964038b200a5ec481d2d61376069013fe20c90ad7db1f9b6accbdeb 
2019-10-13T03:51:03.452-0700 [FINEST] com.mchange.sc.v1.consuela.ethereum.jsonrpc.Client: methodName = eth_getTransactionReceipt; params = List("0x1c97b40b0964038b200a5ec481d2d61376069013fe20c90ad7db1f9b6accbdeb") 
2019-10-13T03:51:06.453-0700 [FINEST] com.mchange.sc.v1.consuela.ethereum.jsonrpc.Invoker: Repolling for transaction receipt, transaction hash: 0x1c97b40b0964038b200a5ec481d2d61376069013fe20c90ad7db1f9b6accbdeb 
2019-10-13T03:51:06.453-0700 [FINEST] com.mchange.sc.v1.consuela.ethereum.jsonrpc.Client: methodName = eth_getTransactionReceipt; params = List("0x1c97b40b0964038b200a5ec481d2d61376069013fe20c90ad7db1f9b6accbdeb") 
2019-10-13T03:51:09.456-0700 [FINEST] com.mchange.sc.v1.consuela.ethereum.jsonrpc.Invoker: Repolling for transaction receipt, transaction hash: 0x1c97b40b0964038b200a5ec481d2d61376069013fe20c90ad7db1f9b6accbdeb 
2019-10-13T03:51:09.456-0700 [FINEST] com.mchange.sc.v1.consuela.ethereum.jsonrpc.Client: methodName = eth_getTransactionReceipt; params = List("0x1c97b40b0964038b200a5ec481d2d61376069013fe20c90ad7db1f9b6accbdeb") 
2019-10-13T03:51:12.460-0700 [FINEST] com.mchange.sc.v1.consuela.ethereum.jsonrpc.Invoker: Repolling for transaction receipt, transaction hash: 0x1c97b40b0964038b200a5ec481d2d61376069013fe20c90ad7db1f9b6accbdeb 
2019-10-13T03:51:12.460-0700 [FINEST] com.mchange.sc.v1.consuela.ethereum.jsonrpc.Client: methodName = eth_getTransactionReceipt; params = List("0x1c97b40b0964038b200a5ec481d2d61376069013fe20c90ad7db1f9b6accbdeb") 
2019-10-13T03:51:15.467-0700 [FINEST] com.mchange.sc.v1.consuela.ethereum.jsonrpc.Client: methodName = eth_gasPrice; params = List() 
2019-10-13T03:51:15.468-0700 [FINEST] com.mchange.sc.v1.consuela.ethereum.jsonrpc.Client: methodName = eth_estimateGas; params = List({"from":"0xae79b77e31387a3b2409b70c27cebc7220101026","to":"0x2a03eb37c0077dba0814a004bc53f2567b7587a0","value":"0x0","data":"0x6a083c2c0000000000000000000000000000000000000000000000000000000000000002"}) 
2019-10-13T03:51:15.867-0700 [FINEST] com.mchange.sc.v1.consuela.ethereum.jsonrpc.Client: methodName = eth_call; params = List({"from":"0xae79b77e31387a3b2409b70c27cebc7220101026","to":"0x2a03eb37c0077dba0814a004bc53f2567b7587a0","gas":"0x708f","gasPrice":"0x3b9aca00","value":"0x0","data":"0x6a083c2c0000000000000000000000000000000000000000000000000000000000000002"}, "latest") 
2019-10-13T03:51:15.949-0700 [INFO] sbtkey.quipVote: [info] Sender '0xae79b77e31387a3b2409b70c27cebc7220101026' has voted for quip "Speak softly and carry a big stick." on the Quip contract at address '0x2a03eb37c0077dba0814a004bc53f2567b7587a0'. 
2019-10-13T05:27:29.828-0700 [INFO] com.mchange.v2.log.MLog: MLog clients using java 1.4+ standard logging. 
2019-10-13T05:27:30.055-0700 [FINEST] com.mchange.sc.v1.sbtethereum.signer.SignersManager: Initializing SignersManager [com.mchange.sc.v1.sbtethereum.signer.SignersManager@22942eff] 
2019-10-13T05:27:31.574-0700 [INFO] com.mchange.v2.c3p0.C3P0Registry: Initializing c3p0-0.9.5.4 [built 23-March-2019 23:00:48 -0700; debug? true; trace: 10] 
2019-10-13T05:27:31.643-0700 [INFO] com.mchange.v2.c3p0.impl.AbstractPoolBackedDataSource: Initializing c3p0 pool... com.mchange.v2.c3p0.ComboPooledDataSource [ acquireIncrement -> 3, acquireRetryAttempts -> 30, acquireRetryDelay -> 1000, autoCommitOnClose -> false, automaticTestTable -> null, breakAfterAcquireFailure -> false, checkoutTimeout -> 0, connectionCustomizerClassName -> null, connectionTesterClassName -> com.mchange.v2.c3p0.impl.DefaultConnectionTester, contextClassLoaderSource -> caller, dataSourceName -> 1hge98ja51iono1a18uq64y|6dbc7edf, debugUnreturnedConnectionStackTraces -> false, description -> null, driverClass -> org.h2.Driver, extensions -> {}, factoryClassLocation -> null, forceIgnoreUnresolvedTransactions -> false, forceSynchronousCheckins -> false, forceUseNamedDriverClass -> false, identityToken -> 1hge98ja51iono1a18uq64y|6dbc7edf, idleConnectionTestPeriod -> 0, initialPoolSize -> 3, jdbcUrl -> jdbc:h2:/Users/swaldman/Library/Application Support/sbt-ethereum/database/h2/sbt-ethereum;AUTO_SERVER=TRUE, maxAdministrativeTaskTime -> 0, maxConnectionAge -> 0, maxIdleTime -> 0, maxIdleTimeExcessConnections -> 0, maxPoolSize -> 15, maxStatements -> 0, maxStatementsPerConnection -> 0, minPoolSize -> 3, numHelperThreads -> 3, preferredTestQuery -> null, privilegeSpawnedThreads -> false, properties -> {}, propertyCycle -> 0, statementCacheNumDeferredCloseThreads -> 0, testConnectionOnCheckin -> false, testConnectionOnCheckout -> true, unreturnedConnectionTimeout -> 0, userOverrides -> {}, usesTraditionalReflectiveProxies -> false ] 
2019-10-13T05:27:32.286-0700 [FINEST] com.mchange.sc.v1.consuela.ethereum.jsonrpc.Client: methodName = eth_compileSolidity; params = List("pragma solidity >=0.4.7;\ncontract Test {}") 
2019-10-13T05:27:34.414-0700 [INFO] sbtkey.xethFindCacheSessionSolidityCompilerKeys: [info] Updating available solidity compiler set. 
2019-10-13T05:27:34.499-0700 [INFO] sbtkey.xethOnLoadBanner: [info] sbt-ethereum-0.3.1-SNAPSHOT successfully initialized (built Sun, 13 Oct 2019 01:12:09 -0700) 
2019-10-13T05:27:41.703-0700 [WARNING] sbtkey.xethInvokerContext: [warn] Using hard-coded, backstop node URL 'https://ethjsonrpc.mchange.com/', which may not be reliable. 
2019-10-13T05:27:41.704-0700 [WARNING] sbtkey.xethInvokerContext: [warn] Please use 'ethNodeUrlDefaultSet` to define a node URL (for chain with ID 1) to which you have reliable access. 
2019-10-13T05:27:41.783-0700 [FINEST] com.mchange.sc.v1.consuela.ethereum.jsonrpc.Client: methodName = eth_gasPrice; params = List() 
2019-10-13T05:27:41.788-0700 [FINEST] com.mchange.sc.v1.consuela.ethereum.jsonrpc.Client: methodName = eth_estimateGas; params = List({"from":"0x465e79b940bc2157e4259ff6b2d92f454497f1e4","to":"0x2a03eb37c0077dba0814a004bc53f2567b7587a0","value":"0x0","data":"0xa93d6b2b"}) 
2019-10-13T05:27:42.520-0700 [FINEST] com.mchange.sc.v1.consuela.ethereum.jsonrpc.Client: methodName = eth_call; params = List({"from":"0x465e79b940bc2157e4259ff6b2d92f454497f1e4","to":"0x2a03eb37c0077dba0814a004bc53f2567b7587a0","gas":"0x65c8","gasPrice":"0x3b9aca00","value":"0x0","data":"0xa93d6b2b"}, "latest") 
2019-10-13T05:27:42.707-0700 [FINEST] com.mchange.sc.v1.consuela.ethereum.jsonrpc.Client: methodName = eth_gasPrice; params = List() 
2019-10-13T05:27:42.708-0700 [FINEST] com.mchange.sc.v1.consuela.ethereum.jsonrpc.Client: methodName = eth_estimateGas; params = List({"from":"0x465e79b940bc2157e4259ff6b2d92f454497f1e4","to":"0x2a03eb37c0077dba0814a004bc53f2567b7587a0","value":"0x0","data":"0x6a083c2c0000000000000000000000000000000000000000000000000000000000000000"}) 
2019-10-13T05:27:42.864-0700 [FINEST] com.mchange.sc.v1.consuela.ethereum.jsonrpc.Client: methodName = eth_call; params = List({"from":"0x465e79b940bc2157e4259ff6b2d92f454497f1e4","to":"0x2a03eb37c0077dba0814a004bc53f2567b7587a0","gas":"0x7042","gasPrice":"0x3b9aca00","value":"0x0","data":"0x6a083c2c0000000000000000000000000000000000000000000000000000000000000000"}, "latest") 
2019-10-13T05:27:43.171-0700 [FINEST] com.mchange.sc.v1.consuela.ethereum.jsonrpc.Client: methodName = eth_gasPrice; params = List() 
2019-10-13T05:27:43.172-0700 [FINEST] com.mchange.sc.v1.consuela.ethereum.jsonrpc.Client: methodName = eth_estimateGas; params = List({"from":"0x465e79b940bc2157e4259ff6b2d92f454497f1e4","to":"0x2a03eb37c0077dba0814a004bc53f2567b7587a0","value":"0x0","data":"0x6a083c2c0000000000000000000000000000000000000000000000000000000000000001"}) 
2019-10-13T05:27:43.334-0700 [FINEST] com.mchange.sc.v1.consuela.ethereum.jsonrpc.Client: methodName = eth_call; params = List({"from":"0x465e79b940bc2157e4259ff6b2d92f454497f1e4","to":"0x2a03eb37c0077dba0814a004bc53f2567b7587a0","gas":"0x708f","gasPrice":"0x3b9aca00","value":"0x0","data":"0x6a083c2c0000000000000000000000000000000000000000000000000000000000000001"}, "latest") 
2019-10-13T05:27:43.509-0700 [FINEST] com.mchange.sc.v1.consuela.ethereum.jsonrpc.Client: methodName = eth_gasPrice; params = List() 
2019-10-13T05:27:43.510-0700 [FINEST] com.mchange.sc.v1.consuela.ethereum.jsonrpc.Client: methodName = eth_estimateGas; params = List({"from":"0x465e79b940bc2157e4259ff6b2d92f454497f1e4","to":"0x2a03eb37c0077dba0814a004bc53f2567b7587a0","value":"0x0","data":"0x6a083c2c0000000000000000000000000000000000000000000000000000000000000002"}) 
2019-10-13T05:27:43.679-0700 [FINEST] com.mchange.sc.v1.consuela.ethereum.jsonrpc.Client: methodName = eth_call; params = List({"from":"0x465e79b940bc2157e4259ff6b2d92f454497f1e4","to":"0x2a03eb37c0077dba0814a004bc53f2567b7587a0","gas":"0x708f","gasPrice":"0x3b9aca00","value":"0x0","data":"0x6a083c2c0000000000000000000000000000000000000000000000000000000000000002"}, "latest") 
2019-10-13T05:28:14.078-0700 [INFO] sbtkey.ethAddressOverride: [info] Sender override set to '0xc33071ead8753b04e0ee108cc168f2b22f93525d' (on chain with ID 1, aliases ['silatest-poopscoop-silamoney-eth','testing3'])). 
2019-10-13T05:28:18.714-0700 [FINEST] com.mchange.sc.v1.consuela.ethereum.jsonrpc.Client: methodName = eth_getBalance; params = List("0xc33071ead8753b04e0ee108cc168f2b22f93525d", "latest") 
2019-10-13T05:28:27.739-0700 [FINEST] com.mchange.sc.v1.consuela.ethereum.jsonrpc.Client: methodName = eth_getBalance; params = List("0xe92db74ce7c392634a1d9af344aeeb4a5f1e0a78", "latest") 
2019-10-13T05:28:32.093-0700 [FINEST] com.mchange.sc.v1.consuela.ethereum.jsonrpc.Client: methodName = eth_getBalance; params = List("0x2bf2f238050ff93773b9d3b33c61cb3ba700ba6c", "latest") 
2019-10-13T05:29:47.201-0700 [INFO] com.mchange.v2.log.MLog: MLog clients using java 1.4+ standard logging. 
2019-10-13T05:29:47.506-0700 [FINEST] com.mchange.sc.v1.sbtethereum.signer.SignersManager: Initializing SignersManager [com.mchange.sc.v1.sbtethereum.signer.SignersManager@7e89eba7] 
2019-10-13T05:29:48.378-0700 [INFO] com.mchange.v2.c3p0.C3P0Registry: Initializing c3p0-0.9.5.4 [built 23-March-2019 23:00:48 -0700; debug? true; trace: 10] 
2019-10-13T05:29:48.472-0700 [INFO] com.mchange.v2.c3p0.impl.AbstractPoolBackedDataSource: Initializing c3p0 pool... com.mchange.v2.c3p0.ComboPooledDataSource [ acquireIncrement -> 3, acquireRetryAttempts -> 30, acquireRetryDelay -> 1000, autoCommitOnClose -> false, automaticTestTable -> null, breakAfterAcquireFailure -> false, checkoutTimeout -> 0, connectionCustomizerClassName -> null, connectionTesterClassName -> com.mchange.v2.c3p0.impl.DefaultConnectionTester, contextClassLoaderSource -> caller, dataSourceName -> 1hge98ja51ioqllb1tfyosp|320c96da, debugUnreturnedConnectionStackTraces -> false, description -> null, driverClass -> org.h2.Driver, extensions -> {}, factoryClassLocation -> null, forceIgnoreUnresolvedTransactions -> false, forceSynchronousCheckins -> false, forceUseNamedDriverClass -> false, identityToken -> 1hge98ja51ioqllb1tfyosp|320c96da, idleConnectionTestPeriod -> 0, initialPoolSize -> 3, jdbcUrl -> jdbc:h2:/Users/swaldman/Library/Application Support/sbt-ethereum/database/h2/sbt-ethereum;AUTO_SERVER=TRUE, maxAdministrativeTaskTime -> 0, maxConnectionAge -> 0, maxIdleTime -> 0, maxIdleTimeExcessConnections -> 0, maxPoolSize -> 15, maxStatements -> 0, maxStatementsPerConnection -> 0, minPoolSize -> 3, numHelperThreads -> 3, preferredTestQuery -> null, privilegeSpawnedThreads -> false, properties -> {}, propertyCycle -> 0, statementCacheNumDeferredCloseThreads -> 0, testConnectionOnCheckin -> false, testConnectionOnCheckout -> true, unreturnedConnectionTimeout -> 0, userOverrides -> {}, usesTraditionalReflectiveProxies -> false ] 
2019-10-13T05:29:49.689-0700 [FINEST] com.mchange.sc.v1.consuela.ethereum.jsonrpc.Client: methodName = eth_compileSolidity; params = List("pragma solidity >=0.4.7;\ncontract Test {}") 
2019-10-13T05:29:50.245-0700 [INFO] sbtkey.xethFindCacheSessionSolidityCompilerKeys: [info] Updating available solidity compiler set. 
2019-10-13T05:29:50.305-0700 [INFO] sbtkey.xethOnLoadBanner: [info] sbt-ethereum-0.3.1-SNAPSHOT successfully initialized (built Sun, 13 Oct 2019 01:12:09 -0700) 
2019-10-13T05:29:55.049-0700 [FINE] com.mchange.sc.v1.sbtethereum.signer.SignersManager: Resetting SignersManager [com.mchange.sc.v1.sbtethereum.signer.SignersManager@7e89eba7] 
2019-10-13T05:29:55.594-0700 [FINE] com.mchange.sc.v1.sbtethereum.signer.SignersManager: Resetting SignersManager [com.mchange.sc.v1.sbtethereum.signer.SignersManager@7e89eba7] 
2019-10-13T05:30:11.962-0700 [INFO] com.mchange.v2.log.MLog: MLog clients using java 1.4+ standard logging. 
2019-10-13T05:30:12.187-0700 [FINEST] com.mchange.sc.v1.sbtethereum.signer.SignersManager: Initializing SignersManager [com.mchange.sc.v1.sbtethereum.signer.SignersManager@53c68ea5] 
2019-10-13T05:30:13.188-0700 [INFO] com.mchange.v2.c3p0.C3P0Registry: Initializing c3p0-0.9.5.4 [built 23-March-2019 23:00:48 -0700; debug? true; trace: 10] 
2019-10-13T05:30:13.267-0700 [INFO] com.mchange.v2.c3p0.impl.AbstractPoolBackedDataSource: Initializing c3p0 pool... com.mchange.v2.c3p0.ComboPooledDataSource [ acquireIncrement -> 3, acquireRetryAttempts -> 30, acquireRetryDelay -> 1000, autoCommitOnClose -> false, automaticTestTable -> null, breakAfterAcquireFailure -> false, checkoutTimeout -> 0, connectionCustomizerClassName -> null, connectionTesterClassName -> com.mchange.v2.c3p0.impl.DefaultConnectionTester, contextClassLoaderSource -> caller, dataSourceName -> 1hge98ja51ior4qj1x8uatw|2a3f6f5d, debugUnreturnedConnectionStackTraces -> false, description -> null, driverClass -> org.h2.Driver, extensions -> {}, factoryClassLocation -> null, forceIgnoreUnresolvedTransactions -> false, forceSynchronousCheckins -> false, forceUseNamedDriverClass -> false, identityToken -> 1hge98ja51ior4qj1x8uatw|2a3f6f5d, idleConnectionTestPeriod -> 0, initialPoolSize -> 3, jdbcUrl -> jdbc:h2:/Users/swaldman/Library/Application Support/sbt-ethereum/database/h2/sbt-ethereum;AUTO_SERVER=TRUE, maxAdministrativeTaskTime -> 0, maxConnectionAge -> 0, maxIdleTime -> 0, maxIdleTimeExcessConnections -> 0, maxPoolSize -> 15, maxStatements -> 0, maxStatementsPerConnection -> 0, minPoolSize -> 3, numHelperThreads -> 3, preferredTestQuery -> null, privilegeSpawnedThreads -> false, properties -> {}, propertyCycle -> 0, statementCacheNumDeferredCloseThreads -> 0, testConnectionOnCheckin -> false, testConnectionOnCheckout -> true, unreturnedConnectionTimeout -> 0, userOverrides -> {}, usesTraditionalReflectiveProxies -> false ] 
2019-10-13T05:30:13.700-0700 [FINEST] com.mchange.sc.v1.consuela.ethereum.jsonrpc.Client: methodName = eth_compileSolidity; params = List("pragma solidity >=0.4.7;\ncontract Test {}") 
2019-10-13T05:30:14.215-0700 [INFO] sbtkey.xethFindCacheSessionSolidityCompilerKeys: [info] Updating available solidity compiler set. 
2019-10-13T05:30:14.395-0700 [INFO] sbtkey.xethOnLoadBanner: [info] sbt-ethereum-0.3.1-SNAPSHOT successfully initialized (built Sun, 13 Oct 2019 01:12:09 -0700) 
2019-10-13T05:32:42.168-0700 [INFO] com.mchange.v2.log.MLog: MLog clients using java 1.4+ standard logging. 
2019-10-13T05:32:42.414-0700 [FINEST] com.mchange.sc.v1.sbtethereum.signer.SignersManager: Initializing SignersManager [com.mchange.sc.v1.sbtethereum.signer.SignersManager@5cfa9e8a] 
2019-10-13T05:32:43.854-0700 [INFO] com.mchange.v2.c3p0.C3P0Registry: Initializing c3p0-0.9.5.4 [built 23-March-2019 23:00:48 -0700; debug? true; trace: 10] 
2019-10-13T05:32:43.957-0700 [INFO] com.mchange.v2.c3p0.impl.AbstractPoolBackedDataSource: Initializing c3p0 pool... com.mchange.v2.c3p0.ComboPooledDataSource [ acquireIncrement -> 3, acquireRetryAttempts -> 30, acquireRetryDelay -> 1000, autoCommitOnClose -> false, automaticTestTable -> null, breakAfterAcquireFailure -> false, checkoutTimeout -> 0, connectionCustomizerClassName -> null, connectionTesterClassName -> com.mchange.v2.c3p0.impl.DefaultConnectionTester, contextClassLoaderSource -> caller, dataSourceName -> 1hge98ja51iouczkfo89qj|640d46c9, debugUnreturnedConnectionStackTraces -> false, description -> null, driverClass -> org.h2.Driver, extensions -> {}, factoryClassLocation -> null, forceIgnoreUnresolvedTransactions -> false, forceSynchronousCheckins -> false, forceUseNamedDriverClass -> false, identityToken -> 1hge98ja51iouczkfo89qj|640d46c9, idleConnectionTestPeriod -> 0, initialPoolSize -> 3, jdbcUrl -> jdbc:h2:/Users/swaldman/Library/Application Support/sbt-ethereum/database/h2/sbt-ethereum;AUTO_SERVER=TRUE, maxAdministrativeTaskTime -> 0, maxConnectionAge -> 0, maxIdleTime -> 0, maxIdleTimeExcessConnections -> 0, maxPoolSize -> 15, maxStatements -> 0, maxStatementsPerConnection -> 0, minPoolSize -> 3, numHelperThreads -> 3, preferredTestQuery -> null, privilegeSpawnedThreads -> false, properties -> {}, propertyCycle -> 0, statementCacheNumDeferredCloseThreads -> 0, testConnectionOnCheckin -> false, testConnectionOnCheckout -> true, unreturnedConnectionTimeout -> 0, userOverrides -> {}, usesTraditionalReflectiveProxies -> false ] 
2019-10-13T05:32:44.594-0700 [FINEST] com.mchange.sc.v1.consuela.ethereum.jsonrpc.Client: methodName = eth_compileSolidity; params = List("pragma solidity >=0.4.7;\ncontract Test {}") 
2019-10-13T05:32:45.156-0700 [INFO] sbtkey.xethFindCacheSessionSolidityCompilerKeys: [info] Updating available solidity compiler set. 
2019-10-13T05:32:45.230-0700 [INFO] sbtkey.xethOnLoadBanner: [info] sbt-ethereum-0.3.1 successfully initialized (built Sun, 13 Oct 2019 04:23:07 -0700) 
2019-10-13T05:33:51.793-0700 [WARNING] sbtkey.xethInvokerContext: [warn] Using hard-coded, backstop node URL 'https://ethjsonrpc.mchange.com/', which may not be reliable. 
2019-10-13T05:33:51.793-0700 [WARNING] sbtkey.xethInvokerContext: [warn] Please use 'ethNodeUrlDefaultSet` to define a node URL (for chain with ID 1) to which you have reliable access. 
2019-10-13T05:33:52.043-0700 [FINEST] com.mchange.sc.v1.consuela.ethereum.jsonrpc.Client: methodName = eth_gasPrice; params = List() 
2019-10-13T05:33:52.047-0700 [FINEST] com.mchange.sc.v1.consuela.ethereum.jsonrpc.Client: methodName = eth_estimateGas; params = List({"from":"0x465e79b940bc2157e4259ff6b2d92f454497f1e4","to":"0x2a03eb37c0077dba0814a004bc53f2567b7587a0","value":"0x0","data":"0x117de2fd00000000000000000000000089d24a6b4ccb1b6faa2625fe562bdd9a232603590000000000000000000000000000000000000000000000000000000000000001"}) 
2019-10-13T05:33:52.050-0700 [FINEST] com.mchange.sc.v1.consuela.ethereum.jsonrpc.Client: methodName = eth_getTransactionCount; params = List("0x465e79b940bc2157e4259ff6b2d92f454497f1e4", "pending") 
2019-10-13T05:33:53.138-0700 [SEVERE] sbtkey.ethTransactionInvoke: ObjectEvent(error, TraceEvent(Error, com.mchange.sc.v2.jsonrpc.package$JsonrpcException: gas required exceeds allowance (8718117) or always failing transaction [code=-32000]: No further information, Some(console0), Some(bac0e493-daa4-4991-9829-103c2666c2d9)), Some(console0), Some(bac0e493-daa4-4991-9829-103c2666c2d9), sbt.internal.util.TraceEvent, JObject([Lsjsonnew.shaded.scalajson.ast.unsafe.JField;@53d0cf4d)) 
2019-10-13T05:33:53.138-0700 [SEVERE] sbtkey.ethTransactionInvoke: [error] (Compile / [31methTransactionInvoke[0m) com.mchange.sc.v2.jsonrpc.package$JsonrpcException: gas required exceeds allowance (8718117) or always failing transaction [code=-32000]: No further information 
2019-10-13T05:34:40.442-0700 [INFO] sbtkey.ethContractAbiImport: [info] A default ABI is now known for the contract at address 0x89d24a6b4ccb1b6faa2625fe562bdd9a23260359 
2019-10-13T05:34:40.451-0700 [INFO] sbtkey.xethTriggerDirtyAliasCache: [info] Refreshing caches. 
2019-10-13T07:19:24.421-0700 [INFO] com.mchange.v2.log.MLog: MLog clients using java 1.4+ standard logging. 
2019-10-13T07:19:24.691-0700 [FINEST] com.mchange.sc.v1.sbtethereum.signer.SignersManager: Initializing SignersManager [com.mchange.sc.v1.sbtethereum.signer.SignersManager@26bbbe9e] 
2019-10-13T07:19:26.413-0700 [INFO] com.mchange.v2.c3p0.C3P0Registry: Initializing c3p0-0.9.5.4 [built 23-March-2019 23:00:48 -0700; debug? true; trace: 10] 
2019-10-13T07:19:26.506-0700 [INFO] com.mchange.v2.c3p0.impl.AbstractPoolBackedDataSource: Initializing c3p0 pool... com.mchange.v2.c3p0.ComboPooledDataSource [ acquireIncrement -> 3, acquireRetryAttempts -> 30, acquireRetryDelay -> 1000, autoCommitOnClose -> false, automaticTestTable -> null, breakAfterAcquireFailure -> false, checkoutTimeout -> 0, connectionCustomizerClassName -> null, connectionTesterClassName -> com.mchange.v2.c3p0.impl.DefaultConnectionTester, contextClassLoaderSource -> caller, dataSourceName -> 1hge98ja51isnl8idwjsag|3dbc41e9, debugUnreturnedConnectionStackTraces -> false, description -> null, driverClass -> org.h2.Driver, extensions -> {}, factoryClassLocation -> null, forceIgnoreUnresolvedTransactions -> false, forceSynchronousCheckins -> false, forceUseNamedDriverClass -> false, identityToken -> 1hge98ja51isnl8idwjsag|3dbc41e9, idleConnectionTestPeriod -> 0, initialPoolSize -> 3, jdbcUrl -> jdbc:h2:/Users/swaldman/Library/Application Support/sbt-ethereum/database/h2/sbt-ethereum;AUTO_SERVER=TRUE, maxAdministrativeTaskTime -> 0, maxConnectionAge -> 0, maxIdleTime -> 0, maxIdleTimeExcessConnections -> 0, maxPoolSize -> 15, maxStatements -> 0, maxStatementsPerConnection -> 0, minPoolSize -> 3, numHelperThreads -> 3, preferredTestQuery -> null, privilegeSpawnedThreads -> false, properties -> {}, propertyCycle -> 0, statementCacheNumDeferredCloseThreads -> 0, testConnectionOnCheckin -> false, testConnectionOnCheckout -> true, unreturnedConnectionTimeout -> 0, userOverrides -> {}, usesTraditionalReflectiveProxies -> false ] 
2019-10-13T07:19:27.395-0700 [FINEST] com.mchange.sc.v1.consuela.ethereum.jsonrpc.Client: methodName = eth_compileSolidity; params = List("pragma solidity >=0.4.7;\ncontract Test {}") 
2019-10-13T07:19:28.177-0700 [INFO] sbtkey.xethFindCacheSessionSolidityCompilerKeys: [info] Updating available solidity compiler set. 
2019-10-13T07:19:28.278-0700 [INFO] sbtkey.xethOnLoadBanner: [info] sbt-ethereum-0.3.2 successfully initialized (built Sun, 13 Oct 2019 06:24:45 -0700) 
2019-10-13T07:19:36.551-0700 [WARNING] sbtkey.xethInvokerContext: [warn] Using hard-coded, backstop node URL 'https://ethjsonrpc.mchange.com/', which may not be reliable. 
2019-10-13T07:19:36.552-0700 [WARNING] sbtkey.xethInvokerContext: [warn] Please use 'ethNodeUrlDefaultSet` to define a node URL (for chain with ID 1) to which you have reliable access. 
2019-10-13T07:19:36.612-0700 [FINEST] com.mchange.sc.v1.consuela.ethereum.jsonrpc.Client: methodName = eth_gasPrice; params = List() 
2019-10-13T07:19:36.617-0700 [FINEST] com.mchange.sc.v1.consuela.ethereum.jsonrpc.Client: methodName = eth_estimateGas; params = List({"from":"0x465e79b940bc2157e4259ff6b2d92f454497f1e4","to":"0x2a03eb37c0077dba0814a004bc53f2567b7587a0","value":"0x0","data":"0xa93d6b2b"}) 
2019-10-13T07:19:37.052-0700 [FINEST] com.mchange.sc.v1.consuela.ethereum.jsonrpc.Client: methodName = eth_call; params = List({"from":"0x465e79b940bc2157e4259ff6b2d92f454497f1e4","to":"0x2a03eb37c0077dba0814a004bc53f2567b7587a0","gas":"0x65c8","gasPrice":"0x3b9aca00","value":"0x0","data":"0xa93d6b2b"}, "latest") 
2019-10-13T07:19:37.147-0700 [FINEST] com.mchange.sc.v1.consuela.ethereum.jsonrpc.Client: methodName = eth_gasPrice; params = List() 
2019-10-13T07:19:37.148-0700 [FINEST] com.mchange.sc.v1.consuela.ethereum.jsonrpc.Client: methodName = eth_estimateGas; params = List({"from":"0x465e79b940bc2157e4259ff6b2d92f454497f1e4","to":"0x2a03eb37c0077dba0814a004bc53f2567b7587a0","value":"0x0","data":"0x6a083c2c0000000000000000000000000000000000000000000000000000000000000000"}) 
2019-10-13T07:19:37.266-0700 [FINEST] com.mchange.sc.v1.consuela.ethereum.jsonrpc.Client: methodName = eth_call; params = List({"from":"0x465e79b940bc2157e4259ff6b2d92f454497f1e4","to":"0x2a03eb37c0077dba0814a004bc53f2567b7587a0","gas":"0x7042","gasPrice":"0x3b9aca00","value":"0x0","data":"0x6a083c2c0000000000000000000000000000000000000000000000000000000000000000"}, "latest") 
2019-10-13T07:19:37.355-0700 [FINEST] com.mchange.sc.v1.consuela.ethereum.jsonrpc.Client: methodName = eth_gasPrice; params = List() 
2019-10-13T07:19:37.356-0700 [FINEST] com.mchange.sc.v1.consuela.ethereum.jsonrpc.Client: methodName = eth_estimateGas; params = List({"from":"0x465e79b940bc2157e4259ff6b2d92f454497f1e4","to":"0x2a03eb37c0077dba0814a004bc53f2567b7587a0","value":"0x0","data":"0x6a083c2c0000000000000000000000000000000000000000000000000000000000000001"}) 
2019-10-13T07:19:37.487-0700 [FINEST] com.mchange.sc.v1.consuela.ethereum.jsonrpc.Client: methodName = eth_call; params = List({"from":"0x465e79b940bc2157e4259ff6b2d92f454497f1e4","to":"0x2a03eb37c0077dba0814a004bc53f2567b7587a0","gas":"0x708f","gasPrice":"0x3b9aca00","value":"0x0","data":"0x6a083c2c0000000000000000000000000000000000000000000000000000000000000001"}, "latest") 
2019-10-13T07:19:37.597-0700 [FINEST] com.mchange.sc.v1.consuela.ethereum.jsonrpc.Client: methodName = eth_gasPrice; params = List() 
2019-10-13T07:19:37.598-0700 [FINEST] com.mchange.sc.v1.consuela.ethereum.jsonrpc.Client: methodName = eth_estimateGas; params = List({"from":"0x465e79b940bc2157e4259ff6b2d92f454497f1e4","to":"0x2a03eb37c0077dba0814a004bc53f2567b7587a0","value":"0x0","data":"0x6a083c2c0000000000000000000000000000000000000000000000000000000000000002"}) 
2019-10-13T07:19:37.716-0700 [FINEST] com.mchange.sc.v1.consuela.ethereum.jsonrpc.Client: methodName = eth_call; params = List({"from":"0x465e79b940bc2157e4259ff6b2d92f454497f1e4","to":"0x2a03eb37c0077dba0814a004bc53f2567b7587a0","gas":"0x708f","gasPrice":"0x3b9aca00","value":"0x0","data":"0x6a083c2c0000000000000000000000000000000000000000000000000000000000000002"}, "latest") 
2019-10-13T15:04:49.317-0700 [INFO] com.mchange.v2.log.MLog: MLog clients using java 1.4+ standard logging. 
2019-10-13T15:04:49.589-0700 [FINEST] com.mchange.sc.v1.sbtethereum.signer.SignersManager: Initializing SignersManager [com.mchange.sc.v1.sbtethereum.signer.SignersManager@81a56b2] 
2019-10-13T15:04:51.160-0700 [INFO] com.mchange.v2.c3p0.C3P0Registry: Initializing c3p0-0.9.5.4 [built 23-March-2019 23:00:48 -0700; debug? true; trace: 10] 
2019-10-13T15:04:51.248-0700 [INFO] com.mchange.v2.c3p0.impl.AbstractPoolBackedDataSource: Initializing c3p0 pool... com.mchange.v2.c3p0.ComboPooledDataSource [ acquireIncrement -> 3, acquireRetryAttempts -> 30, acquireRetryDelay -> 1000, autoCommitOnClose -> false, automaticTestTable -> null, breakAfterAcquireFailure -> false, checkoutTimeout -> 0, connectionCustomizerClassName -> null, connectionTesterClassName -> com.mchange.v2.c3p0.impl.DefaultConnectionTester, contextClassLoaderSource -> caller, dataSourceName -> 1hge98ja51j9a43z1cxy88|52389afc, debugUnreturnedConnectionStackTraces -> false, description -> null, driverClass -> org.h2.Driver, extensions -> {}, factoryClassLocation -> null, forceIgnoreUnresolvedTransactions -> false, forceSynchronousCheckins -> false, forceUseNamedDriverClass -> false, identityToken -> 1hge98ja51j9a43z1cxy88|52389afc, idleConnectionTestPeriod -> 0, initialPoolSize -> 3, jdbcUrl -> jdbc:h2:/Users/swaldman/Library/Application Support/sbt-ethereum/database/h2/sbt-ethereum;AUTO_SERVER=TRUE, maxAdministrativeTaskTime -> 0, maxConnectionAge -> 0, maxIdleTime -> 0, maxIdleTimeExcessConnections -> 0, maxPoolSize -> 15, maxStatements -> 0, maxStatementsPerConnection -> 0, minPoolSize -> 3, numHelperThreads -> 3, preferredTestQuery -> null, privilegeSpawnedThreads -> false, properties -> {}, propertyCycle -> 0, statementCacheNumDeferredCloseThreads -> 0, testConnectionOnCheckin -> false, testConnectionOnCheckout -> true, unreturnedConnectionTimeout -> 0, userOverrides -> {}, usesTraditionalReflectiveProxies -> false ] 
2019-10-13T15:04:51.929-0700 [FINEST] com.mchange.sc.v1.consuela.ethereum.jsonrpc.Client: methodName = eth_compileSolidity; params = List("pragma solidity >=0.4.7;\ncontract Test {}") 
2019-10-13T15:04:52.489-0700 [INFO] sbtkey.xethFindCacheSessionSolidityCompilerKeys: [info] Updating available solidity compiler set. 
2019-10-13T15:04:52.554-0700 [INFO] sbtkey.xethOnLoadBanner: [info] sbt-ethereum-0.3.2 successfully initialized (built Sun, 13 Oct 2019 06:24:45 -0700) 
2019-10-13T15:04:58.213-0700 [WARNING] sbtkey.xethInvokerContext: [warn] Using hard-coded, backstop node URL 'https://ethjsonrpc.mchange.com/', which may not be reliable. 
2019-10-13T15:04:58.213-0700 [WARNING] sbtkey.xethInvokerContext: [warn] Please use 'ethNodeUrlDefaultSet` to define a node URL (for chain with ID 1) to which you have reliable access. 
2019-10-13T15:04:58.273-0700 [FINEST] com.mchange.sc.v1.consuela.ethereum.jsonrpc.Client: methodName = eth_gasPrice; params = List() 
2019-10-13T15:04:58.277-0700 [FINEST] com.mchange.sc.v1.consuela.ethereum.jsonrpc.Client: methodName = eth_estimateGas; params = List({"from":"0x465e79b940bc2157e4259ff6b2d92f454497f1e4","to":"0x2a03eb37c0077dba0814a004bc53f2567b7587a0","value":"0x0","data":"0xa93d6b2b"}) 
2019-10-13T15:04:58.627-0700 [FINEST] com.mchange.sc.v1.consuela.ethereum.jsonrpc.Client: methodName = eth_call; params = List({"from":"0x465e79b940bc2157e4259ff6b2d92f454497f1e4","to":"0x2a03eb37c0077dba0814a004bc53f2567b7587a0","gas":"0x65c8","gasPrice":"0x3b9aca00","value":"0x0","data":"0xa93d6b2b"}, "latest") 
2019-10-13T15:04:58.723-0700 [FINEST] com.mchange.sc.v1.consuela.ethereum.jsonrpc.Client: methodName = eth_gasPrice; params = List() 
2019-10-13T15:04:58.724-0700 [FINEST] com.mchange.sc.v1.consuela.ethereum.jsonrpc.Client: methodName = eth_estimateGas; params = List({"from":"0x465e79b940bc2157e4259ff6b2d92f454497f1e4","to":"0x2a03eb37c0077dba0814a004bc53f2567b7587a0","value":"0x0","data":"0x6a083c2c0000000000000000000000000000000000000000000000000000000000000000"}) 
2019-10-13T15:04:58.925-0700 [FINEST] com.mchange.sc.v1.consuela.ethereum.jsonrpc.Client: methodName = eth_call; params = List({"from":"0x465e79b940bc2157e4259ff6b2d92f454497f1e4","to":"0x2a03eb37c0077dba0814a004bc53f2567b7587a0","gas":"0x7042","gasPrice":"0x3b9aca00","value":"0x0","data":"0x6a083c2c0000000000000000000000000000000000000000000000000000000000000000"}, "latest") 
2019-10-13T15:04:59.014-0700 [FINEST] com.mchange.sc.v1.consuela.ethereum.jsonrpc.Client: methodName = eth_gasPrice; params = List() 
2019-10-13T15:04:59.015-0700 [FINEST] com.mchange.sc.v1.consuela.ethereum.jsonrpc.Client: methodName = eth_estimateGas; params = List({"from":"0x465e79b940bc2157e4259ff6b2d92f454497f1e4","to":"0x2a03eb37c0077dba0814a004bc53f2567b7587a0","value":"0x0","data":"0x6a083c2c0000000000000000000000000000000000000000000000000000000000000001"}) 
2019-10-13T15:04:59.114-0700 [FINEST] com.mchange.sc.v1.consuela.ethereum.jsonrpc.Client: methodName = eth_call; params = List({"from":"0x465e79b940bc2157e4259ff6b2d92f454497f1e4","to":"0x2a03eb37c0077dba0814a004bc53f2567b7587a0","gas":"0x708f","gasPrice":"0x3b9aca00","value":"0x0","data":"0x6a083c2c0000000000000000000000000000000000000000000000000000000000000001"}, "latest") 
2019-10-13T15:04:59.216-0700 [FINEST] com.mchange.sc.v1.consuela.ethereum.jsonrpc.Client: methodName = eth_gasPrice; params = List() 
2019-10-13T15:04:59.217-0700 [FINEST] com.mchange.sc.v1.consuela.ethereum.jsonrpc.Client: methodName = eth_estimateGas; params = List({"from":"0x465e79b940bc2157e4259ff6b2d92f454497f1e4","to":"0x2a03eb37c0077dba0814a004bc53f2567b7587a0","value":"0x0","data":"0x6a083c2c0000000000000000000000000000000000000000000000000000000000000002"}) 
2019-10-13T15:04:59.316-0700 [FINEST] com.mchange.sc.v1.consuela.ethereum.jsonrpc.Client: methodName = eth_call; params = List({"from":"0x465e79b940bc2157e4259ff6b2d92f454497f1e4","to":"0x2a03eb37c0077dba0814a004bc53f2567b7587a0","gas":"0x708f","gasPrice":"0x3b9aca00","value":"0x0","data":"0x6a083c2c0000000000000000000000000000000000000000000000000000000000000002"}, "latest") 
2019-10-13T15:06:58.066-0700 [INFO] com.mchange.v2.log.MLog: MLog clients using java 1.4+ standard logging. 
2019-10-13T15:06:58.363-0700 [FINEST] com.mchange.sc.v1.sbtethereum.signer.SignersManager: Initializing SignersManager [com.mchange.sc.v1.sbtethereum.signer.SignersManager@2e4d4d22] 
2019-10-13T15:06:59.155-0700 [INFO] com.mchange.v2.c3p0.C3P0Registry: Initializing c3p0-0.9.5.4 [built 23-March-2019 23:00:48 -0700; debug? true; trace: 10] 
2019-10-13T15:06:59.223-0700 [INFO] com.mchange.v2.c3p0.impl.AbstractPoolBackedDataSource: Initializing c3p0 pool... com.mchange.v2.c3p0.ComboPooledDataSource [ acquireIncrement -> 3, acquireRetryAttempts -> 30, acquireRetryDelay -> 1000, autoCommitOnClose -> false, automaticTestTable -> null, breakAfterAcquireFailure -> false, checkoutTimeout -> 0, connectionCustomizerClassName -> null, connectionTesterClassName -> com.mchange.v2.c3p0.impl.DefaultConnectionTester, contextClassLoaderSource -> caller, dataSourceName -> 1hge98ja51j9cuvg1uaxztn|6d7101da, debugUnreturnedConnectionStackTraces -> false, description -> null, driverClass -> org.h2.Driver, extensions -> {}, factoryClassLocation -> null, forceIgnoreUnresolvedTransactions -> false, forceSynchronousCheckins -> false, forceUseNamedDriverClass -> false, identityToken -> 1hge98ja51j9cuvg1uaxztn|6d7101da, idleConnectionTestPeriod -> 0, initialPoolSize -> 3, jdbcUrl -> jdbc:h2:/Users/swaldman/Library/Application Support/sbt-ethereum/database/h2/sbt-ethereum;AUTO_SERVER=TRUE, maxAdministrativeTaskTime -> 0, maxConnectionAge -> 0, maxIdleTime -> 0, maxIdleTimeExcessConnections -> 0, maxPoolSize -> 15, maxStatements -> 0, maxStatementsPerConnection -> 0, minPoolSize -> 3, numHelperThreads -> 3, preferredTestQuery -> null, privilegeSpawnedThreads -> false, properties -> {}, propertyCycle -> 0, statementCacheNumDeferredCloseThreads -> 0, testConnectionOnCheckin -> false, testConnectionOnCheckout -> true, unreturnedConnectionTimeout -> 0, userOverrides -> {}, usesTraditionalReflectiveProxies -> false ] 
2019-10-13T15:06:59.802-0700 [FINEST] com.mchange.sc.v1.consuela.ethereum.jsonrpc.Client: methodName = eth_compileSolidity; params = List("pragma solidity >=0.4.7;\ncontract Test {}") 
2019-10-13T15:07:00.691-0700 [INFO] sbtkey.xethFindCacheSessionSolidityCompilerKeys: [info] Updating available solidity compiler set. 
2019-10-13T15:07:00.757-0700 [INFO] sbtkey.xethOnLoadBanner: [info] sbt-ethereum-0.3.2 successfully initialized (built Sun, 13 Oct 2019 06:24:45 -0700) 
2019-10-13T15:07:13.356-0700 [WARNING] sbtkey.xethInvokerContext: [warn] Using hard-coded, backstop node URL 'https://ethjsonrpc.mchange.com/', which may not be reliable. 
2019-10-13T15:07:13.357-0700 [WARNING] sbtkey.xethInvokerContext: [warn] Please use 'ethNodeUrlDefaultSet` to define a node URL (for chain with ID 1) to which you have reliable access. 
2019-10-13T15:07:13.418-0700 [FINEST] com.mchange.sc.v1.consuela.ethereum.jsonrpc.Client: methodName = eth_gasPrice; params = List() 
2019-10-13T15:07:13.423-0700 [FINEST] com.mchange.sc.v1.consuela.ethereum.jsonrpc.Client: methodName = eth_estimateGas; params = List({"from":"0x465e79b940bc2157e4259ff6b2d92f454497f1e4","to":"0x2a03eb37c0077dba0814a004bc53f2567b7587a0","value":"0x0","data":"0xa93d6b2b"}) 
2019-10-13T15:07:13.788-0700 [FINEST] com.mchange.sc.v1.consuela.ethereum.jsonrpc.Client: methodName = eth_call; params = List({"from":"0x465e79b940bc2157e4259ff6b2d92f454497f1e4","to":"0x2a03eb37c0077dba0814a004bc53f2567b7587a0","gas":"0x65c8","gasPrice":"0x3b9aca00","value":"0x0","data":"0xa93d6b2b"}, "latest") 
2019-10-13T15:07:13.886-0700 [FINEST] com.mchange.sc.v1.consuela.ethereum.jsonrpc.Client: methodName = eth_gasPrice; params = List() 
2019-10-13T15:07:13.887-0700 [FINEST] com.mchange.sc.v1.consuela.ethereum.jsonrpc.Client: methodName = eth_estimateGas; params = List({"from":"0x465e79b940bc2157e4259ff6b2d92f454497f1e4","to":"0x2a03eb37c0077dba0814a004bc53f2567b7587a0","value":"0x0","data":"0x6a083c2c0000000000000000000000000000000000000000000000000000000000000000"}) 
2019-10-13T15:07:14.005-0700 [FINEST] com.mchange.sc.v1.consuela.ethereum.jsonrpc.Client: methodName = eth_call; params = List({"from":"0x465e79b940bc2157e4259ff6b2d92f454497f1e4","to":"0x2a03eb37c0077dba0814a004bc53f2567b7587a0","gas":"0x7042","gasPrice":"0x3b9aca00","value":"0x0","data":"0x6a083c2c0000000000000000000000000000000000000000000000000000000000000000"}, "latest") 
2019-10-13T15:07:14.095-0700 [FINEST] com.mchange.sc.v1.consuela.ethereum.jsonrpc.Client: methodName = eth_gasPrice; params = List() 
2019-10-13T15:07:14.096-0700 [FINEST] com.mchange.sc.v1.consuela.ethereum.jsonrpc.Client: methodName = eth_estimateGas; params = List({"from":"0x465e79b940bc2157e4259ff6b2d92f454497f1e4","to":"0x2a03eb37c0077dba0814a004bc53f2567b7587a0","value":"0x0","data":"0x6a083c2c0000000000000000000000000000000000000000000000000000000000000001"}) 
2019-10-13T15:07:14.316-0700 [FINEST] com.mchange.sc.v1.consuela.ethereum.jsonrpc.Client: methodName = eth_call; params = List({"from":"0x465e79b940bc2157e4259ff6b2d92f454497f1e4","to":"0x2a03eb37c0077dba0814a004bc53f2567b7587a0","gas":"0x708f","gasPrice":"0x3b9aca00","value":"0x0","data":"0x6a083c2c0000000000000000000000000000000000000000000000000000000000000001"}, "latest") 
2019-10-13T15:07:14.398-0700 [FINEST] com.mchange.sc.v1.consuela.ethereum.jsonrpc.Client: methodName = eth_gasPrice; params = List() 
2019-10-13T15:07:14.399-0700 [FINEST] com.mchange.sc.v1.consuela.ethereum.jsonrpc.Client: methodName = eth_estimateGas; params = List({"from":"0x465e79b940bc2157e4259ff6b2d92f454497f1e4","to":"0x2a03eb37c0077dba0814a004bc53f2567b7587a0","value":"0x0","data":"0x6a083c2c0000000000000000000000000000000000000000000000000000000000000002"}) 
2019-10-13T15:07:14.522-0700 [FINEST] com.mchange.sc.v1.consuela.ethereum.jsonrpc.Client: methodName = eth_call; params = List({"from":"0x465e79b940bc2157e4259ff6b2d92f454497f1e4","to":"0x2a03eb37c0077dba0814a004bc53f2567b7587a0","gas":"0x708f","gasPrice":"0x3b9aca00","value":"0x0","data":"0x6a083c2c0000000000000000000000000000000000000000000000000000000000000002"}, "latest") 
